<?xml version="1.0" encoding="UTF-8"?>
<testsuites name="RUN" time="42.189" tests="2" failures="2" errors="0">
   <testsuite name="RUN" tests="2" failures="2" errors="0" time="42.189" skipped="0" timestamp="2023-01-12 12:03:18" hostname="User - Thinkpad-T470-Saepuloh" id="Test Suites/RUN">
      <properties>
         <property name="deviceName" value=""/>
         <property name="devicePlatform" value=""/>
         <property name="logFolder" value="D:\\_Bayu Buana\\BB_Automation\\bb-internal_katalon\\Reports\\20230112_120306\\RUN\\20230112_120306"/>
         <property name="logFiles" value="D:\\_Bayu Buana\\BB_Automation\\bb-internal_katalon\\Reports\\20230112_120306\\RUN\\20230112_120306\\execution0.log"/>
         <property name="attachments" value="D:\\_Bayu Buana\\BB_Automation\\bb-internal_katalon\\Reports\\20230112_120306\\RUN\\20230112_120306\\1673499821604.png"/>
         <property name="hostName" value="User - Thinkpad-T470-Saepuloh"/>
         <property name="os" value="Windows 10 64bit"/>
         <property name="katalonVersion" value="8.4.0.208"/>
         <property name="browser" value="Chrome 108.0.0.0"/>
         <property name="hostAddress" value="192.168.56.1"/>
         <property name="sessionId" value="b35a37d95fc701388972f9d81c92acee"/>
         <property name="seleniumVersion" value="3.141.59"/>
         <property name="proxyInformation" value="ProxyInformation { proxyOption=NO_PROXY, proxyServerType=HTTP, username=, password=********, proxyServerAddress=, proxyServerPort=0, executionList=&quot;&quot;, isApplyToDesiredCapabilities=true }"/>
         <property name="platform" value="Windows 10"/>
      </properties>
      <testcase name="Test Cases/COBA/Age Qualifying Types - Create" time="22.757" classname="Test Cases/COBA/Age Qualifying Types - Create" status="FAILED">
         <failure type="FAILED" message="Test Cases/COBA/Age Qualifying Types - Create FAILED.
Reason:
com.kms.katalon.core.exception.StepFailedException: Verify element text of test object 'Object Repository/Age QT/Create/Page_Bayu Buana - Age Qualifying Types/td_Age Qualifying Type Name (Automation)' FAILED.
	at com.kms.katalon.core.webui.keyword.internal.WebUIKeywordMain.stepFailed(WebUIKeywordMain.groovy:64)
	at com.kms.katalon.core.webui.keyword.internal.WebUIKeywordMain.runKeyword(WebUIKeywordMain.groovy:26)
	at com.kms.katalon.core.webui.keyword.builtin.VerifyElementTextKeyword.verifyElementText(VerifyElementTextKeyword.groovy:72)
	at com.kms.katalon.core.webui.keyword.builtin.VerifyElementTextKeyword.execute(VerifyElementTextKeyword.groovy:40)
	at com.kms.katalon.core.keyword.internal.KeywordExecutor.executeKeywordForPlatform(KeywordExecutor.groovy:74)
	at com.kms.katalon.core.webui.keyword.WebUiBuiltInKeywords.verifyElementText(WebUiBuiltInKeywords.groovy:4749)
	at com.kms.katalon.core.webui.keyword.WebUiBuiltInKeywords$verifyElementText$6.call(Unknown Source)
	at Age Qualifying Types - Create.run(Age Qualifying Types - Create:49)
	at com.kms.katalon.core.main.ScriptEngine.run(ScriptEngine.java:194)
	at com.kms.katalon.core.main.ScriptEngine.runScriptAsRawText(ScriptEngine.java:119)
	at com.kms.katalon.core.main.TestCaseExecutor.runScript(TestCaseExecutor.java:445)
	at com.kms.katalon.core.main.TestCaseExecutor.doExecute(TestCaseExecutor.java:436)
	at com.kms.katalon.core.main.TestCaseExecutor.processExecutionPhase(TestCaseExecutor.java:415)
	at com.kms.katalon.core.main.TestCaseExecutor.accessMainPhase(TestCaseExecutor.java:407)
	at com.kms.katalon.core.main.TestCaseExecutor.execute(TestCaseExecutor.java:284)
	at com.kms.katalon.core.common.CommonExecutor.accessTestCaseMainPhase(CommonExecutor.java:65)
	at com.kms.katalon.core.main.TestSuiteExecutor.accessTestSuiteMainPhase(TestSuiteExecutor.java:144)
	at com.kms.katalon.core.main.TestSuiteExecutor.execute(TestSuiteExecutor.java:106)
	at com.kms.katalon.core.main.TestCaseMain.startTestSuite(TestCaseMain.java:185)
	at com.kms.katalon.core.main.TestCaseMain$startTestSuite$0.call(Unknown Source)
	at TempTestSuite1673499786462.run(TempTestSuite1673499786462.groovy:36)
Caused by: org.openqa.selenium.StaleElementReferenceException: stale element reference: element is not attached to the page document
  (Session info: chrome=108.0.5359.125)
For documentation on this error, please visit: https://www.seleniumhq.org/exceptions/stale_element_reference.html
Build info: version: '3.141.59', revision: 'e82be7d358', time: '2018-11-14T08:25:53'
System info: host: 'THINKPAD-T470-S', ip: '192.168.56.1', os.name: 'Windows 10', os.arch: 'amd64', os.version: '10.0', java.version: '1.8.0_282'
Driver info: com.kms.katalon.selenium.driver.CChromeDriver
Capabilities {acceptInsecureCerts: false, browserName: chrome, browserVersion: 108.0.5359.125, chrome: {chromedriverVersion: 107.0.5304.62 (1eec40d3a576..., userDataDir: C:\Users\User\AppData\Local...}, goog:chromeOptions: {debuggerAddress: localhost:56031}, javascriptEnabled: true, networkConnectionEnabled: false, pageLoadStrategy: normal, platform: WINDOWS, platformName: WINDOWS, proxy: Proxy(), setWindowRect: true, strictFileInteractability: false, timeouts: {implicit: 0, pageLoad: 300000, script: 30000}, unhandledPromptBehavior: dismiss and notify, webauthn:extension:credBlob: true, webauthn:extension:largeBlob: true, webauthn:virtualAuthenticators: true}
Session ID: e8a3fa97082a19e68d4fb988106eebfb
	at org.openqa.selenium.remote.http.W3CHttpResponseCodec.createException(W3CHttpResponseCodec.java:187)
	at org.openqa.selenium.remote.http.W3CHttpResponseCodec.decode(W3CHttpResponseCodec.java:122)
	at org.openqa.selenium.remote.http.W3CHttpResponseCodec.decode(W3CHttpResponseCodec.java:49)
	at org.openqa.selenium.remote.HttpCommandExecutor.execute(HttpCommandExecutor.java:158)
	at org.openqa.selenium.remote.service.DriverCommandExecutor.execute(DriverCommandExecutor.java:83)
	at org.openqa.selenium.remote.RemoteWebDriver.execute(RemoteWebDriver.java:552)
	at com.kms.katalon.selenium.driver.CChromeDriver.execute(CChromeDriver.java:19)
	at org.openqa.selenium.remote.RemoteWebElement.execute(RemoteWebElement.java:285)
	at org.openqa.selenium.remote.RemoteWebElement.getText(RemoteWebElement.java:166)
	at org.openqa.selenium.support.events.EventFiringWebDriver$EventFiringWebElement.lambda$new$0(EventFiringWebDriver.java:404)
	at com.sun.proxy.$Proxy11.getText(Unknown Source)
	at org.openqa.selenium.support.events.EventFiringWebDriver$EventFiringWebElement.getText(EventFiringWebDriver.java:463)
	at com.kms.katalon.core.webui.keyword.builtin.VerifyElementTextKeyword$_verifyElementText_closure1.doCall(VerifyElementTextKeyword.groovy:53)
	at com.kms.katalon.core.webui.keyword.builtin.VerifyElementTextKeyword$_verifyElementText_closure1.call(VerifyElementTextKeyword.groovy)
	at com.kms.katalon.core.webui.keyword.internal.WebUIKeywordMain.runKeyword(WebUIKeywordMain.groovy:20)
	... 19 more
"/>
         <system-out><![CDATA[2023-01-12 12:03:19 - [TEST_CASE][FAILED] - Test Cases/COBA/Age Qualifying Types - Create: Test Cases/COBA/Age Qualifying Types - Create FAILED.
Reason:
com.kms.katalon.core.exception.StepFailedException: Verify element text of test object 'Object Repository/Age QT/Create/Page_Bayu Buana - Age Qualifying Types/td_Age Qualifying Type Name (Automation)' FAILED.
	at com.kms.katalon.core.webui.keyword.internal.WebUIKeywordMain.stepFailed(WebUIKeywordMain.groovy:64)
	at com.kms.katalon.core.webui.keyword.internal.WebUIKeywordMain.runKeyword(WebUIKeywordMain.groovy:26)
	at com.kms.katalon.core.webui.keyword.builtin.VerifyElementTextKeyword.verifyElementText(VerifyElementTextKeyword.groovy:72)
	at com.kms.katalon.core.webui.keyword.builtin.VerifyElementTextKeyword.execute(VerifyElementTextKeyword.groovy:40)
	at com.kms.katalon.core.keyword.internal.KeywordExecutor.executeKeywordForPlatform(KeywordExecutor.groovy:74)
	at com.kms.katalon.core.webui.keyword.WebUiBuiltInKeywords.verifyElementText(WebUiBuiltInKeywords.groovy:4749)
	at com.kms.katalon.core.webui.keyword.WebUiBuiltInKeywords$verifyElementText$6.call(Unknown Source)
	at Age Qualifying Types - Create.run(Age Qualifying Types - Create:49)
	at com.kms.katalon.core.main.ScriptEngine.run(ScriptEngine.java:194)
	at com.kms.katalon.core.main.ScriptEngine.runScriptAsRawText(ScriptEngine.java:119)
	at com.kms.katalon.core.main.TestCaseExecutor.runScript(TestCaseExecutor.java:445)
	at com.kms.katalon.core.main.TestCaseExecutor.doExecute(TestCaseExecutor.java:436)
	at com.kms.katalon.core.main.TestCaseExecutor.processExecutionPhase(TestCaseExecutor.java:415)
	at com.kms.katalon.core.main.TestCaseExecutor.accessMainPhase(TestCaseExecutor.java:407)
	at com.kms.katalon.core.main.TestCaseExecutor.execute(TestCaseExecutor.java:284)
	at com.kms.katalon.core.common.CommonExecutor.accessTestCaseMainPhase(CommonExecutor.java:65)
	at com.kms.katalon.core.main.TestSuiteExecutor.accessTestSuiteMainPhase(TestSuiteExecutor.java:144)
	at com.kms.katalon.core.main.TestSuiteExecutor.execute(TestSuiteExecutor.java:106)
	at com.kms.katalon.core.main.TestCaseMain.startTestSuite(TestCaseMain.java:185)
	at com.kms.katalon.core.main.TestCaseMain$startTestSuite$0.call(Unknown Source)
	at TempTestSuite1673499786462.run(TempTestSuite1673499786462.groovy:36)
Caused by: org.openqa.selenium.StaleElementReferenceException: stale element reference: element is not attached to the page document
  (Session info: chrome=108.0.5359.125)
For documentation on this error, please visit: https://www.seleniumhq.org/exceptions/stale_element_reference.html
Build info: version: '3.141.59', revision: 'e82be7d358', time: '2018-11-14T08:25:53'
System info: host: 'THINKPAD-T470-S', ip: '192.168.56.1', os.name: 'Windows 10', os.arch: 'amd64', os.version: '10.0', java.version: '1.8.0_282'
Driver info: com.kms.katalon.selenium.driver.CChromeDriver
Capabilities {acceptInsecureCerts: false, browserName: chrome, browserVersion: 108.0.5359.125, chrome: {chromedriverVersion: 107.0.5304.62 (1eec40d3a576..., userDataDir: C:\Users\User\AppData\Local...}, goog:chromeOptions: {debuggerAddress: localhost:56031}, javascriptEnabled: true, networkConnectionEnabled: false, pageLoadStrategy: normal, platform: WINDOWS, platformName: WINDOWS, proxy: Proxy(), setWindowRect: true, strictFileInteractability: false, timeouts: {implicit: 0, pageLoad: 300000, script: 30000}, unhandledPromptBehavior: dismiss and notify, webauthn:extension:credBlob: true, webauthn:extension:largeBlob: true, webauthn:virtualAuthenticators: true}
Session ID: e8a3fa97082a19e68d4fb988106eebfb
	at org.openqa.selenium.remote.http.W3CHttpResponseCodec.createException(W3CHttpResponseCodec.java:187)
	at org.openqa.selenium.remote.http.W3CHttpResponseCodec.decode(W3CHttpResponseCodec.java:122)
	at org.openqa.selenium.remote.http.W3CHttpResponseCodec.decode(W3CHttpResponseCodec.java:49)
	at org.openqa.selenium.remote.HttpCommandExecutor.execute(HttpCommandExecutor.java:158)
	at org.openqa.selenium.remote.service.DriverCommandExecutor.execute(DriverCommandExecutor.java:83)
	at org.openqa.selenium.remote.RemoteWebDriver.execute(RemoteWebDriver.java:552)
	at com.kms.katalon.selenium.driver.CChromeDriver.execute(CChromeDriver.java:19)
	at org.openqa.selenium.remote.RemoteWebElement.execute(RemoteWebElement.java:285)
	at org.openqa.selenium.remote.RemoteWebElement.getText(RemoteWebElement.java:166)
	at org.openqa.selenium.support.events.EventFiringWebDriver$EventFiringWebElement.lambda$new$0(EventFiringWebDriver.java:404)
	at com.sun.proxy.$Proxy11.getText(Unknown Source)
	at org.openqa.selenium.support.events.EventFiringWebDriver$EventFiringWebElement.getText(EventFiringWebDriver.java:463)
	at com.kms.katalon.core.webui.keyword.builtin.VerifyElementTextKeyword$_verifyElementText_closure1.doCall(VerifyElementTextKeyword.groovy:53)
	at com.kms.katalon.core.webui.keyword.builtin.VerifyElementTextKeyword$_verifyElementText_closure1.call(VerifyElementTextKeyword.groovy)
	at com.kms.katalon.core.webui.keyword.internal.WebUIKeywordMain.runKeyword(WebUIKeywordMain.groovy:20)
	... 19 more


2023-01-12 12:03:19 - [TEST_STEP][PASSED] - callTestCase(findTestCase("COBA/Login"), [:], STOP_ON_FAILURE): Call Test Case 'Test Cases/COBA/Login' successfully

2023-01-12 12:03:19 - [TEST_CASE][PASSED] - Test Cases/COBA/Login: Test Cases/COBA/Login

2023-01-12 12:03:20 - [TEST_STEP][PASSED] - openBrowser(""): Browser is opened with url: ''

2023-01-12 12:03:20 - [MESSAGE][INFO] - Starting 'Chrome' driver

2023-01-12 12:03:20 - [MESSAGE][INFO] - Action delay is set to 0 milliseconds

2023-01-12 12:03:23 - [MESSAGE][PASSED] - Browser is opened with url: ''

2023-01-12 12:03:23 - [TEST_STEP][PASSED] - navigateToUrl("https://bbstg.monstercode.net/auth/login"): Navigate to 'https://bbstg.monstercode.net/auth/login' successfully

2023-01-12 12:03:26 - [MESSAGE][PASSED] - Navigate to 'https://bbstg.monstercode.net/auth/login' successfully

2023-01-12 12:03:26 - [TEST_STEP][PASSED] - setText(findTestObject("Object Repository/Page_Bayu Buana/input_Email_username"), "admin@mail.com"): Text 'admin@mail.com' is set on object 'Object Repository/Page_Bayu Buana/input_Email_username'

2023-01-12 12:03:27 - [MESSAGE][PASSED] - Text 'admin@mail.com' is set on object 'Object Repository/Page_Bayu Buana/input_Email_username'

2023-01-12 12:03:27 - [TEST_STEP][PASSED] - setEncryptedText(findTestObject("Object Repository/Page_Bayu Buana/input_Password_password"), "8SQVv/p9jVScEs4/2CZsLw=="): Text ****** has been set on object 'Object Repository/Page_Bayu Buana/input_Password_password'

2023-01-12 12:03:27 - [MESSAGE][PASSED] - Text ****** has been set on object 'Object Repository/Page_Bayu Buana/input_Password_password'

2023-01-12 12:03:27 - [TEST_STEP][PASSED] - sendKeys(findTestObject("Object Repository/Page_Bayu Buana/input_Password_password"), Keys.chord(ENTER)): Keys 'ENTER + ' sent to object: 'Object Repository/Page_Bayu Buana/input_Password_password'

2023-01-12 12:03:28 - [MESSAGE][PASSED] - Keys 'ENTER + ' sent to object: 'Object Repository/Page_Bayu Buana/input_Password_password'

2023-01-12 12:03:28 - [MESSAGE][PASSED] - Call Test Case 'Test Cases/COBA/Login' successfully

2023-01-12 12:03:28 - [TEST_STEP][PASSED] - click(findTestObject("Page_Bayu Buana - Master Data Management/p_Master Data Management")): Object: 'Object Repository/Page_Bayu Buana - Master Data Management/p_Master Data Management' is clicked on

2023-01-12 12:03:30 - [MESSAGE][PASSED] - Object: 'Object Repository/Page_Bayu Buana - Master Data Management/p_Master Data Management' is clicked on

2023-01-12 12:03:30 - [TEST_STEP][PASSED] - click(findTestObject("Page_Bayu Buana - Master Data Management/p_Age Qualifying Type")): Object: 'Object Repository/Page_Bayu Buana - Master Data Management/p_Age Qualifying Type' is clicked on

2023-01-12 12:03:31 - [MESSAGE][PASSED] - Object: 'Object Repository/Page_Bayu Buana - Master Data Management/p_Age Qualifying Type' is clicked on

2023-01-12 12:03:31 - [TEST_STEP][PASSED] - click(findTestObject("Object Repository/Age QT/Create/Page_Bayu Buana - Age Qualifying Types/button_Create New")): Object: 'Object Repository/Age QT/Create/Page_Bayu Buana - Age Qualifying Types/button_Create New' is clicked on

2023-01-12 12:03:32 - [MESSAGE][PASSED] - Object: 'Object Repository/Age QT/Create/Page_Bayu Buana - Age Qualifying Types/button_Create New' is clicked on

2023-01-12 12:03:32 - [TEST_STEP][PASSED] - click(findTestObject("Object Repository/Age QT/Create/Page_Bayu Buana - Create Age Qualifying Type/input_Age Qualifying Type Name_age_qualifyi_ba4776")): Object: 'Object Repository/Age QT/Create/Page_Bayu Buana - Create Age Qualifying Type/input_Age Qualifying Type Name_age_qualifyi_ba4776' is clicked on

2023-01-12 12:03:33 - [MESSAGE][PASSED] - Object: 'Object Repository/Age QT/Create/Page_Bayu Buana - Create Age Qualifying Type/input_Age Qualifying Type Name_age_qualifyi_ba4776' is clicked on

2023-01-12 12:03:33 - [TEST_STEP][PASSED] - click(findTestObject("Object Repository/Age QT/Create/Page_Bayu Buana - Create Age Qualifying Type/div_Age Qualifying Type Name")): Object: 'Object Repository/Age QT/Create/Page_Bayu Buana - Create Age Qualifying Type/div_Age Qualifying Type Name' is clicked on

2023-01-12 12:03:33 - [MESSAGE][PASSED] - Object: 'Object Repository/Age QT/Create/Page_Bayu Buana - Create Age Qualifying Type/div_Age Qualifying Type Name' is clicked on

2023-01-12 12:03:33 - [TEST_STEP][PASSED] - setText(findTestObject("Object Repository/Age QT/Create/Page_Bayu Buana - Create Age Qualifying Type/input_Age Qualifying Type Name_age_qualifyi_ba4776"), "Age Qualifying Type Name (Automation)"): Text 'Age Qualifying Type Name (Automation)' is set on object 'Object Repository/Age QT/Create/Page_Bayu Buana - Create Age Qualifying Type/input_Age Qualifying Type Name_age_qualifyi_ba4776'

2023-01-12 12:03:36 - [MESSAGE][PASSED] - Text 'Age Qualifying Type Name (Automation)' is set on object 'Object Repository/Age QT/Create/Page_Bayu Buana - Create Age Qualifying Type/input_Age Qualifying Type Name_age_qualifyi_ba4776'

2023-01-12 12:03:36 - [TEST_STEP][PASSED] - setText(findTestObject("Object Repository/Age QT/Create/Page_Bayu Buana - Create Age Qualifying Type/input_Age Qualifying Type Code_age_qualifyi_5ae899"), "321"): Text '321' is set on object 'Object Repository/Age QT/Create/Page_Bayu Buana - Create Age Qualifying Type/input_Age Qualifying Type Code_age_qualifyi_5ae899'

2023-01-12 12:03:37 - [MESSAGE][PASSED] - Text '321' is set on object 'Object Repository/Age QT/Create/Page_Bayu Buana - Create Age Qualifying Type/input_Age Qualifying Type Code_age_qualifyi_5ae899'

2023-01-12 12:03:37 - [TEST_STEP][PASSED] - click(findTestObject("Object Repository/Age QT/Create/Page_Bayu Buana - Create Age Qualifying Type/button_SAVE")): Object: 'Object Repository/Age QT/Create/Page_Bayu Buana - Create Age Qualifying Type/button_SAVE' is clicked on

2023-01-12 12:03:38 - [MESSAGE][PASSED] - Object: 'Object Repository/Age QT/Create/Page_Bayu Buana - Create Age Qualifying Type/button_SAVE' is clicked on

2023-01-12 12:03:38 - [TEST_STEP][PASSED] - verifyElementPresent(findTestObject("Object Repository/Age QT/Create/Page_Bayu Buana - Age Qualifying Types/div_Record 321 - Age Qualifying Type Name (_29f3cb"), 0): Object 'Object Repository/Age QT/Create/Page_Bayu Buana - Age Qualifying Types/div_Record 321 - Age Qualifying Type Name (_29f3cb' is present

2023-01-12 12:03:38 - [MESSAGE][WARNING] - Timeout '0' is invalid. Using default page load timeout: '30'

2023-01-12 12:03:39 - [MESSAGE][PASSED] - Object 'Object Repository/Age QT/Create/Page_Bayu Buana - Age Qualifying Types/div_Record 321 - Age Qualifying Type Name (_29f3cb' is present

2023-01-12 12:03:39 - [TEST_STEP][PASSED] - setText(findTestObject("Object Repository/Age QT/Create/Page_Bayu Buana - Age Qualifying Types/input_Age Qualifying Types_form-control"), "321"): Text '321' is set on object 'Object Repository/Age QT/Create/Page_Bayu Buana - Age Qualifying Types/input_Age Qualifying Types_form-control'

2023-01-12 12:03:40 - [MESSAGE][PASSED] - Text '321' is set on object 'Object Repository/Age QT/Create/Page_Bayu Buana - Age Qualifying Types/input_Age Qualifying Types_form-control'

2023-01-12 12:03:40 - [TEST_STEP][PASSED] - verifyElementText(findTestObject("Object Repository/Age QT/Create/Page_Bayu Buana - Age Qualifying Types/td_321"), "321"): Actual text and expected text of test object 'Object Repository/Age QT/Create/Page_Bayu Buana - Age Qualifying Types/td_321' are matched.

2023-01-12 12:03:41 - [MESSAGE][PASSED] - Actual text and expected text of test object 'Object Repository/Age QT/Create/Page_Bayu Buana - Age Qualifying Types/td_321' are matched.

2023-01-12 12:03:41 - [TEST_STEP][FAILED] - verifyElementText(findTestObject("Object Repository/Age QT/Create/Page_Bayu Buana - Age Qualifying Types/td_Age Qualifying Type Name (Automation)"), "Age Qualifying Type Name (Automation)"): Verify element text of test object 'Object Repository/Age QT/Create/Page_Bayu Buana - Age Qualifying Types/td_Age Qualifying Type Name (Automation)' FAILED. (Root cause: com.kms.katalon.core.exception.StepFailedException: Verify element text of test object 'Object Repository/Age QT/Create/Page_Bayu Buana - Age Qualifying Types/td_Age Qualifying Type Name (Automation)' FAILED.
	at com.kms.katalon.core.webui.keyword.internal.WebUIKeywordMain.stepFailed(WebUIKeywordMain.groovy:64)
	at com.kms.katalon.core.webui.keyword.internal.WebUIKeywordMain.runKeyword(WebUIKeywordMain.groovy:26)
	at com.kms.katalon.core.webui.keyword.builtin.VerifyElementTextKeyword.verifyElementText(VerifyElementTextKeyword.groovy:72)
	at com.kms.katalon.core.webui.keyword.builtin.VerifyElementTextKeyword.execute(VerifyElementTextKeyword.groovy:40)
	at com.kms.katalon.core.keyword.internal.KeywordExecutor.executeKeywordForPlatform(KeywordExecutor.groovy:74)
	at com.kms.katalon.core.webui.keyword.WebUiBuiltInKeywords.verifyElementText(WebUiBuiltInKeywords.groovy:4749)
	at com.kms.katalon.core.webui.keyword.WebUiBuiltInKeywords$verifyElementText$6.call(Unknown Source)
	at Age Qualifying Types - Create.run(Age Qualifying Types - Create:49)
	at com.kms.katalon.core.main.ScriptEngine.run(ScriptEngine.java:194)
	at com.kms.katalon.core.main.ScriptEngine.runScriptAsRawText(ScriptEngine.java:119)
	at com.kms.katalon.core.main.TestCaseExecutor.runScript(TestCaseExecutor.java:445)
	at com.kms.katalon.core.main.TestCaseExecutor.doExecute(TestCaseExecutor.java:436)
	at com.kms.katalon.core.main.TestCaseExecutor.processExecutionPhase(TestCaseExecutor.java:415)
	at com.kms.katalon.core.main.TestCaseExecutor.accessMainPhase(TestCaseExecutor.java:407)
	at com.kms.katalon.core.main.TestCaseExecutor.execute(TestCaseExecutor.java:284)
	at com.kms.katalon.core.common.CommonExecutor.accessTestCaseMainPhase(CommonExecutor.java:65)
	at com.kms.katalon.core.main.TestSuiteExecutor.accessTestSuiteMainPhase(TestSuiteExecutor.java:144)
	at com.kms.katalon.core.main.TestSuiteExecutor.execute(TestSuiteExecutor.java:106)
	at com.kms.katalon.core.main.TestCaseMain.startTestSuite(TestCaseMain.java:185)
	at com.kms.katalon.core.main.TestCaseMain$startTestSuite$0.call(Unknown Source)
	at TempTestSuite1673499786462.run(TempTestSuite1673499786462.groovy:36)
Caused by: org.openqa.selenium.StaleElementReferenceException: stale element reference: element is not attached to the page document
  (Session info: chrome=108.0.5359.125)
For documentation on this error, please visit: https://www.seleniumhq.org/exceptions/stale_element_reference.html
Build info: version: '3.141.59', revision: 'e82be7d358', time: '2018-11-14T08:25:53'
System info: host: 'THINKPAD-T470-S', ip: '192.168.56.1', os.name: 'Windows 10', os.arch: 'amd64', os.version: '10.0', java.version: '1.8.0_282'
Driver info: com.kms.katalon.selenium.driver.CChromeDriver
Capabilities {acceptInsecureCerts: false, browserName: chrome, browserVersion: 108.0.5359.125, chrome: {chromedriverVersion: 107.0.5304.62 (1eec40d3a576..., userDataDir: C:\Users\User\AppData\Local...}, goog:chromeOptions: {debuggerAddress: localhost:56031}, javascriptEnabled: true, networkConnectionEnabled: false, pageLoadStrategy: normal, platform: WINDOWS, platformName: WINDOWS, proxy: Proxy(), setWindowRect: true, strictFileInteractability: false, timeouts: {implicit: 0, pageLoad: 300000, script: 30000}, unhandledPromptBehavior: dismiss and notify, webauthn:extension:credBlob: true, webauthn:extension:largeBlob: true, webauthn:virtualAuthenticators: true}
Session ID: e8a3fa97082a19e68d4fb988106eebfb
	at org.openqa.selenium.remote.http.W3CHttpResponseCodec.createException(W3CHttpResponseCodec.java:187)
	at org.openqa.selenium.remote.http.W3CHttpResponseCodec.decode(W3CHttpResponseCodec.java:122)
	at org.openqa.selenium.remote.http.W3CHttpResponseCodec.decode(W3CHttpResponseCodec.java:49)
	at org.openqa.selenium.remote.HttpCommandExecutor.execute(HttpCommandExecutor.java:158)
	at org.openqa.selenium.remote.service.DriverCommandExecutor.execute(DriverCommandExecutor.java:83)
	at org.openqa.selenium.remote.RemoteWebDriver.execute(RemoteWebDriver.java:552)
	at com.kms.katalon.selenium.driver.CChromeDriver.execute(CChromeDriver.java:19)
	at org.openqa.selenium.remote.RemoteWebElement.execute(RemoteWebElement.java:285)
	at org.openqa.selenium.remote.RemoteWebElement.getText(RemoteWebElement.java:166)
	at org.openqa.selenium.support.events.EventFiringWebDriver$EventFiringWebElement.lambda$new$0(EventFiringWebDriver.java:404)
	at com.sun.proxy.$Proxy11.getText(Unknown Source)
	at org.openqa.selenium.support.events.EventFiringWebDriver$EventFiringWebElement.getText(EventFiringWebDriver.java:463)
	at com.kms.katalon.core.webui.keyword.builtin.VerifyElementTextKeyword$_verifyElementText_closure1.doCall(VerifyElementTextKeyword.groovy:53)
	at com.kms.katalon.core.webui.keyword.builtin.VerifyElementTextKeyword$_verifyElementText_closure1.call(VerifyElementTextKeyword.groovy)
	at com.kms.katalon.core.webui.keyword.internal.WebUIKeywordMain.runKeyword(WebUIKeywordMain.groovy:20)
	at com.kms.katalon.core.webui.keyword.builtin.VerifyElementTextKeyword.verifyElementText(VerifyElementTextKeyword.groovy:72)
	at com.kms.katalon.core.webui.keyword.builtin.VerifyElementTextKeyword.execute(VerifyElementTextKeyword.groovy:40)
	at com.kms.katalon.core.keyword.internal.KeywordExecutor.executeKeywordForPlatform(KeywordExecutor.groovy:74)
	at com.kms.katalon.core.webui.keyword.WebUiBuiltInKeywords.verifyElementText(WebUiBuiltInKeywords.groovy:4749)
	at com.kms.katalon.core.webui.keyword.WebUiBuiltInKeywords$verifyElementText$6.call(Unknown Source)
	at Script1673454411812.run(Script1673454411812.groovy:49)
	... 13 more
)

2023-01-12 12:03:41 - [MESSAGE][FAILED] - Verify element text of test object 'Object Repository/Age QT/Create/Page_Bayu Buana - Age Qualifying Types/td_Age Qualifying Type Name (Automation)' FAILED. (Root cause: com.kms.katalon.core.exception.StepFailedException: Verify element text of test object 'Object Repository/Age QT/Create/Page_Bayu Buana - Age Qualifying Types/td_Age Qualifying Type Name (Automation)' FAILED.
	at com.kms.katalon.core.webui.keyword.internal.WebUIKeywordMain.stepFailed(WebUIKeywordMain.groovy:64)
	at com.kms.katalon.core.webui.keyword.internal.WebUIKeywordMain.runKeyword(WebUIKeywordMain.groovy:26)
	at com.kms.katalon.core.webui.keyword.builtin.VerifyElementTextKeyword.verifyElementText(VerifyElementTextKeyword.groovy:72)
	at com.kms.katalon.core.webui.keyword.builtin.VerifyElementTextKeyword.execute(VerifyElementTextKeyword.groovy:40)
	at com.kms.katalon.core.keyword.internal.KeywordExecutor.executeKeywordForPlatform(KeywordExecutor.groovy:74)
	at com.kms.katalon.core.webui.keyword.WebUiBuiltInKeywords.verifyElementText(WebUiBuiltInKeywords.groovy:4749)
	at com.kms.katalon.core.webui.keyword.WebUiBuiltInKeywords$verifyElementText$6.call(Unknown Source)
	at Age Qualifying Types - Create.run(Age Qualifying Types - Create:49)
	at com.kms.katalon.core.main.ScriptEngine.run(ScriptEngine.java:194)
	at com.kms.katalon.core.main.ScriptEngine.runScriptAsRawText(ScriptEngine.java:119)
	at com.kms.katalon.core.main.TestCaseExecutor.runScript(TestCaseExecutor.java:445)
	at com.kms.katalon.core.main.TestCaseExecutor.doExecute(TestCaseExecutor.java:436)
	at com.kms.katalon.core.main.TestCaseExecutor.processExecutionPhase(TestCaseExecutor.java:415)
	at com.kms.katalon.core.main.TestCaseExecutor.accessMainPhase(TestCaseExecutor.java:407)
	at com.kms.katalon.core.main.TestCaseExecutor.execute(TestCaseExecutor.java:284)
	at com.kms.katalon.core.common.CommonExecutor.accessTestCaseMainPhase(CommonExecutor.java:65)
	at com.kms.katalon.core.main.TestSuiteExecutor.accessTestSuiteMainPhase(TestSuiteExecutor.java:144)
	at com.kms.katalon.core.main.TestSuiteExecutor.execute(TestSuiteExecutor.java:106)
	at com.kms.katalon.core.main.TestCaseMain.startTestSuite(TestCaseMain.java:185)
	at com.kms.katalon.core.main.TestCaseMain$startTestSuite$0.call(Unknown Source)
	at TempTestSuite1673499786462.run(TempTestSuite1673499786462.groovy:36)
Caused by: org.openqa.selenium.StaleElementReferenceException: stale element reference: element is not attached to the page document
  (Session info: chrome=108.0.5359.125)
For documentation on this error, please visit: https://www.seleniumhq.org/exceptions/stale_element_reference.html
Build info: version: '3.141.59', revision: 'e82be7d358', time: '2018-11-14T08:25:53'
System info: host: 'THINKPAD-T470-S', ip: '192.168.56.1', os.name: 'Windows 10', os.arch: 'amd64', os.version: '10.0', java.version: '1.8.0_282'
Driver info: com.kms.katalon.selenium.driver.CChromeDriver
Capabilities {acceptInsecureCerts: false, browserName: chrome, browserVersion: 108.0.5359.125, chrome: {chromedriverVersion: 107.0.5304.62 (1eec40d3a576..., userDataDir: C:\Users\User\AppData\Local...}, goog:chromeOptions: {debuggerAddress: localhost:56031}, javascriptEnabled: true, networkConnectionEnabled: false, pageLoadStrategy: normal, platform: WINDOWS, platformName: WINDOWS, proxy: Proxy(), setWindowRect: true, strictFileInteractability: false, timeouts: {implicit: 0, pageLoad: 300000, script: 30000}, unhandledPromptBehavior: dismiss and notify, webauthn:extension:credBlob: true, webauthn:extension:largeBlob: true, webauthn:virtualAuthenticators: true}
Session ID: e8a3fa97082a19e68d4fb988106eebfb
	at org.openqa.selenium.remote.http.W3CHttpResponseCodec.createException(W3CHttpResponseCodec.java:187)
	at org.openqa.selenium.remote.http.W3CHttpResponseCodec.decode(W3CHttpResponseCodec.java:122)
	at org.openqa.selenium.remote.http.W3CHttpResponseCodec.decode(W3CHttpResponseCodec.java:49)
	at org.openqa.selenium.remote.HttpCommandExecutor.execute(HttpCommandExecutor.java:158)
	at org.openqa.selenium.remote.service.DriverCommandExecutor.execute(DriverCommandExecutor.java:83)
	at org.openqa.selenium.remote.RemoteWebDriver.execute(RemoteWebDriver.java:552)
	at com.kms.katalon.selenium.driver.CChromeDriver.execute(CChromeDriver.java:19)
	at org.openqa.selenium.remote.RemoteWebElement.execute(RemoteWebElement.java:285)
	at org.openqa.selenium.remote.RemoteWebElement.getText(RemoteWebElement.java:166)
	at org.openqa.selenium.support.events.EventFiringWebDriver$EventFiringWebElement.lambda$new$0(EventFiringWebDriver.java:404)
	at com.sun.proxy.$Proxy11.getText(Unknown Source)
	at org.openqa.selenium.support.events.EventFiringWebDriver$EventFiringWebElement.getText(EventFiringWebDriver.java:463)
	at com.kms.katalon.core.webui.keyword.builtin.VerifyElementTextKeyword$_verifyElementText_closure1.doCall(VerifyElementTextKeyword.groovy:53)
	at com.kms.katalon.core.webui.keyword.builtin.VerifyElementTextKeyword$_verifyElementText_closure1.call(VerifyElementTextKeyword.groovy)
	at com.kms.katalon.core.webui.keyword.internal.WebUIKeywordMain.runKeyword(WebUIKeywordMain.groovy:20)
	at com.kms.katalon.core.webui.keyword.builtin.VerifyElementTextKeyword.verifyElementText(VerifyElementTextKeyword.groovy:72)
	at com.kms.katalon.core.webui.keyword.builtin.VerifyElementTextKeyword.execute(VerifyElementTextKeyword.groovy:40)
	at com.kms.katalon.core.keyword.internal.KeywordExecutor.executeKeywordForPlatform(KeywordExecutor.groovy:74)
	at com.kms.katalon.core.webui.keyword.WebUiBuiltInKeywords.verifyElementText(WebUiBuiltInKeywords.groovy:4749)
	at com.kms.katalon.core.webui.keyword.WebUiBuiltInKeywords$verifyElementText$6.call(Unknown Source)
	at Script1673454411812.run(Script1673454411812.groovy:49)
	... 13 more
)
[[ATTACHMENT|D:\\_Bayu Buana\\BB_Automation\\bb-internal_katalon\\Reports\\20230112_120306\\RUN\\20230112_120306\\1673499821604.png]]]]></system-out>
         <system-err><![CDATA[2023-01-12 12:03:19 - [TEST_CASE][FAILED] - Test Cases/COBA/Age Qualifying Types - Create: Test Cases/COBA/Age Qualifying Types - Create FAILED.
Reason:
com.kms.katalon.core.exception.StepFailedException: Verify element text of test object 'Object Repository/Age QT/Create/Page_Bayu Buana - Age Qualifying Types/td_Age Qualifying Type Name (Automation)' FAILED.
	at com.kms.katalon.core.webui.keyword.internal.WebUIKeywordMain.stepFailed(WebUIKeywordMain.groovy:64)
	at com.kms.katalon.core.webui.keyword.internal.WebUIKeywordMain.runKeyword(WebUIKeywordMain.groovy:26)
	at com.kms.katalon.core.webui.keyword.builtin.VerifyElementTextKeyword.verifyElementText(VerifyElementTextKeyword.groovy:72)
	at com.kms.katalon.core.webui.keyword.builtin.VerifyElementTextKeyword.execute(VerifyElementTextKeyword.groovy:40)
	at com.kms.katalon.core.keyword.internal.KeywordExecutor.executeKeywordForPlatform(KeywordExecutor.groovy:74)
	at com.kms.katalon.core.webui.keyword.WebUiBuiltInKeywords.verifyElementText(WebUiBuiltInKeywords.groovy:4749)
	at com.kms.katalon.core.webui.keyword.WebUiBuiltInKeywords$verifyElementText$6.call(Unknown Source)
	at Age Qualifying Types - Create.run(Age Qualifying Types - Create:49)
	at com.kms.katalon.core.main.ScriptEngine.run(ScriptEngine.java:194)
	at com.kms.katalon.core.main.ScriptEngine.runScriptAsRawText(ScriptEngine.java:119)
	at com.kms.katalon.core.main.TestCaseExecutor.runScript(TestCaseExecutor.java:445)
	at com.kms.katalon.core.main.TestCaseExecutor.doExecute(TestCaseExecutor.java:436)
	at com.kms.katalon.core.main.TestCaseExecutor.processExecutionPhase(TestCaseExecutor.java:415)
	at com.kms.katalon.core.main.TestCaseExecutor.accessMainPhase(TestCaseExecutor.java:407)
	at com.kms.katalon.core.main.TestCaseExecutor.execute(TestCaseExecutor.java:284)
	at com.kms.katalon.core.common.CommonExecutor.accessTestCaseMainPhase(CommonExecutor.java:65)
	at com.kms.katalon.core.main.TestSuiteExecutor.accessTestSuiteMainPhase(TestSuiteExecutor.java:144)
	at com.kms.katalon.core.main.TestSuiteExecutor.execute(TestSuiteExecutor.java:106)
	at com.kms.katalon.core.main.TestCaseMain.startTestSuite(TestCaseMain.java:185)
	at com.kms.katalon.core.main.TestCaseMain$startTestSuite$0.call(Unknown Source)
	at TempTestSuite1673499786462.run(TempTestSuite1673499786462.groovy:36)
Caused by: org.openqa.selenium.StaleElementReferenceException: stale element reference: element is not attached to the page document
  (Session info: chrome=108.0.5359.125)
For documentation on this error, please visit: https://www.seleniumhq.org/exceptions/stale_element_reference.html
Build info: version: '3.141.59', revision: 'e82be7d358', time: '2018-11-14T08:25:53'
System info: host: 'THINKPAD-T470-S', ip: '192.168.56.1', os.name: 'Windows 10', os.arch: 'amd64', os.version: '10.0', java.version: '1.8.0_282'
Driver info: com.kms.katalon.selenium.driver.CChromeDriver
Capabilities {acceptInsecureCerts: false, browserName: chrome, browserVersion: 108.0.5359.125, chrome: {chromedriverVersion: 107.0.5304.62 (1eec40d3a576..., userDataDir: C:\Users\User\AppData\Local...}, goog:chromeOptions: {debuggerAddress: localhost:56031}, javascriptEnabled: true, networkConnectionEnabled: false, pageLoadStrategy: normal, platform: WINDOWS, platformName: WINDOWS, proxy: Proxy(), setWindowRect: true, strictFileInteractability: false, timeouts: {implicit: 0, pageLoad: 300000, script: 30000}, unhandledPromptBehavior: dismiss and notify, webauthn:extension:credBlob: true, webauthn:extension:largeBlob: true, webauthn:virtualAuthenticators: true}
Session ID: e8a3fa97082a19e68d4fb988106eebfb
	at org.openqa.selenium.remote.http.W3CHttpResponseCodec.createException(W3CHttpResponseCodec.java:187)
	at org.openqa.selenium.remote.http.W3CHttpResponseCodec.decode(W3CHttpResponseCodec.java:122)
	at org.openqa.selenium.remote.http.W3CHttpResponseCodec.decode(W3CHttpResponseCodec.java:49)
	at org.openqa.selenium.remote.HttpCommandExecutor.execute(HttpCommandExecutor.java:158)
	at org.openqa.selenium.remote.service.DriverCommandExecutor.execute(DriverCommandExecutor.java:83)
	at org.openqa.selenium.remote.RemoteWebDriver.execute(RemoteWebDriver.java:552)
	at com.kms.katalon.selenium.driver.CChromeDriver.execute(CChromeDriver.java:19)
	at org.openqa.selenium.remote.RemoteWebElement.execute(RemoteWebElement.java:285)
	at org.openqa.selenium.remote.RemoteWebElement.getText(RemoteWebElement.java:166)
	at org.openqa.selenium.support.events.EventFiringWebDriver$EventFiringWebElement.lambda$new$0(EventFiringWebDriver.java:404)
	at com.sun.proxy.$Proxy11.getText(Unknown Source)
	at org.openqa.selenium.support.events.EventFiringWebDriver$EventFiringWebElement.getText(EventFiringWebDriver.java:463)
	at com.kms.katalon.core.webui.keyword.builtin.VerifyElementTextKeyword$_verifyElementText_closure1.doCall(VerifyElementTextKeyword.groovy:53)
	at com.kms.katalon.core.webui.keyword.builtin.VerifyElementTextKeyword$_verifyElementText_closure1.call(VerifyElementTextKeyword.groovy)
	at com.kms.katalon.core.webui.keyword.internal.WebUIKeywordMain.runKeyword(WebUIKeywordMain.groovy:20)
	... 19 more]]></system-err>
      </testcase>
      <testcase name="Test Cases/COBA/Age Qualifying Types - Delete" time="19.038" classname="Test Cases/COBA/Age Qualifying Types - Delete" status="FAILED">
         <failure type="FAILED" message="Test Cases/COBA/Age Qualifying Types - Delete FAILED.
Reason:
com.kms.katalon.core.exception.StepFailedException: Cannot take screenshot
	at com.kms.katalon.core.webui.keyword.internal.WebUIKeywordMain.stepFailed(WebUIKeywordMain.groovy:64)
	at com.kms.katalon.core.webui.keyword.internal.WebUIKeywordMain.runKeyword(WebUIKeywordMain.groovy:26)
	at com.kms.katalon.core.webui.keyword.builtin.TakeScreenshotKeyword.takeScreenshot(TakeScreenshotKeyword.groovy:126)
	at com.kms.katalon.core.webui.keyword.builtin.TakeScreenshotKeyword.execute(TakeScreenshotKeyword.groovy:84)
	at com.kms.katalon.core.keyword.internal.KeywordExecutor.executeKeywordForPlatform(KeywordExecutor.groovy:74)
	at com.kms.katalon.core.webui.keyword.WebUiBuiltInKeywords.takeScreenshot(WebUiBuiltInKeywords.groovy:2940)
	at com.kms.katalon.core.webui.keyword.WebUiBuiltInKeywords$takeScreenshot$8.call(Unknown Source)
	at Age Qualifying Types - Delete.run(Age Qualifying Types - Delete:68)
	at com.kms.katalon.core.main.ScriptEngine.run(ScriptEngine.java:194)
	at com.kms.katalon.core.main.ScriptEngine.runScriptAsRawText(ScriptEngine.java:119)
	at com.kms.katalon.core.main.TestCaseExecutor.runScript(TestCaseExecutor.java:445)
	at com.kms.katalon.core.main.TestCaseExecutor.doExecute(TestCaseExecutor.java:436)
	at com.kms.katalon.core.main.TestCaseExecutor.processExecutionPhase(TestCaseExecutor.java:415)
	at com.kms.katalon.core.main.TestCaseExecutor.accessMainPhase(TestCaseExecutor.java:407)
	at com.kms.katalon.core.main.TestCaseExecutor.execute(TestCaseExecutor.java:284)
	at com.kms.katalon.core.common.CommonExecutor.accessTestCaseMainPhase(CommonExecutor.java:65)
	at com.kms.katalon.core.main.TestSuiteExecutor.accessTestSuiteMainPhase(TestSuiteExecutor.java:144)
	at com.kms.katalon.core.main.TestSuiteExecutor.execute(TestSuiteExecutor.java:106)
	at com.kms.katalon.core.main.TestCaseMain.startTestSuite(TestCaseMain.java:185)
	at com.kms.katalon.core.main.TestCaseMain$startTestSuite$0.call(Unknown Source)
	at TempTestSuite1673499786462.run(TempTestSuite1673499786462.groovy:36)
Caused by: java.io.FileNotFoundException:  (Result too large)
	at org.apache.commons.io.FileUtils.doCopyFile(FileUtils.java:1123)
	at org.apache.commons.io.FileUtils.copyFile(FileUtils.java:1076)
	at com.kms.katalon.core.webui.util.FileUtil.takeDefaultScreenshot(FileUtil.java:333)
	at com.kms.katalon.core.webui.util.FileUtil.takesScreenshot(FileUtil.java:58)
	at com.kms.katalon.core.webui.keyword.builtin.TakeScreenshotKeyword$_takeScreenshot_closure1.doCall(TakeScreenshotKeyword.groovy:127)
	at com.kms.katalon.core.webui.keyword.builtin.TakeScreenshotKeyword$_takeScreenshot_closure1.call(TakeScreenshotKeyword.groovy)
	at com.kms.katalon.core.webui.keyword.internal.WebUIKeywordMain.runKeyword(WebUIKeywordMain.groovy:20)
	... 19 more
"/>
         <system-out><![CDATA[2023-01-12 12:03:41 - [TEST_CASE][FAILED] - Test Cases/COBA/Age Qualifying Types - Delete: Test Cases/COBA/Age Qualifying Types - Delete FAILED.
Reason:
com.kms.katalon.core.exception.StepFailedException: Cannot take screenshot
	at com.kms.katalon.core.webui.keyword.internal.WebUIKeywordMain.stepFailed(WebUIKeywordMain.groovy:64)
	at com.kms.katalon.core.webui.keyword.internal.WebUIKeywordMain.runKeyword(WebUIKeywordMain.groovy:26)
	at com.kms.katalon.core.webui.keyword.builtin.TakeScreenshotKeyword.takeScreenshot(TakeScreenshotKeyword.groovy:126)
	at com.kms.katalon.core.webui.keyword.builtin.TakeScreenshotKeyword.execute(TakeScreenshotKeyword.groovy:84)
	at com.kms.katalon.core.keyword.internal.KeywordExecutor.executeKeywordForPlatform(KeywordExecutor.groovy:74)
	at com.kms.katalon.core.webui.keyword.WebUiBuiltInKeywords.takeScreenshot(WebUiBuiltInKeywords.groovy:2940)
	at com.kms.katalon.core.webui.keyword.WebUiBuiltInKeywords$takeScreenshot$8.call(Unknown Source)
	at Age Qualifying Types - Delete.run(Age Qualifying Types - Delete:68)
	at com.kms.katalon.core.main.ScriptEngine.run(ScriptEngine.java:194)
	at com.kms.katalon.core.main.ScriptEngine.runScriptAsRawText(ScriptEngine.java:119)
	at com.kms.katalon.core.main.TestCaseExecutor.runScript(TestCaseExecutor.java:445)
	at com.kms.katalon.core.main.TestCaseExecutor.doExecute(TestCaseExecutor.java:436)
	at com.kms.katalon.core.main.TestCaseExecutor.processExecutionPhase(TestCaseExecutor.java:415)
	at com.kms.katalon.core.main.TestCaseExecutor.accessMainPhase(TestCaseExecutor.java:407)
	at com.kms.katalon.core.main.TestCaseExecutor.execute(TestCaseExecutor.java:284)
	at com.kms.katalon.core.common.CommonExecutor.accessTestCaseMainPhase(CommonExecutor.java:65)
	at com.kms.katalon.core.main.TestSuiteExecutor.accessTestSuiteMainPhase(TestSuiteExecutor.java:144)
	at com.kms.katalon.core.main.TestSuiteExecutor.execute(TestSuiteExecutor.java:106)
	at com.kms.katalon.core.main.TestCaseMain.startTestSuite(TestCaseMain.java:185)
	at com.kms.katalon.core.main.TestCaseMain$startTestSuite$0.call(Unknown Source)
	at TempTestSuite1673499786462.run(TempTestSuite1673499786462.groovy:36)
Caused by: java.io.FileNotFoundException:  (Result too large)
	at org.apache.commons.io.FileUtils.doCopyFile(FileUtils.java:1123)
	at org.apache.commons.io.FileUtils.copyFile(FileUtils.java:1076)
	at com.kms.katalon.core.webui.util.FileUtil.takeDefaultScreenshot(FileUtil.java:333)
	at com.kms.katalon.core.webui.util.FileUtil.takesScreenshot(FileUtil.java:58)
	at com.kms.katalon.core.webui.keyword.builtin.TakeScreenshotKeyword$_takeScreenshot_closure1.doCall(TakeScreenshotKeyword.groovy:127)
	at com.kms.katalon.core.webui.keyword.builtin.TakeScreenshotKeyword$_takeScreenshot_closure1.call(TakeScreenshotKeyword.groovy)
	at com.kms.katalon.core.webui.keyword.internal.WebUIKeywordMain.runKeyword(WebUIKeywordMain.groovy:20)
	... 19 more


2023-01-12 12:03:42 - [TEST_STEP][PASSED] - callTestCase(findTestCase("COBA/Login"), [:], STOP_ON_FAILURE): Call Test Case 'Test Cases/COBA/Login' successfully

2023-01-12 12:03:42 - [TEST_CASE][PASSED] - Test Cases/COBA/Login: Test Cases/COBA/Login

2023-01-12 12:03:42 - [TEST_STEP][PASSED] - openBrowser(""): Browser is opened with url: ''

2023-01-12 12:03:42 - [MESSAGE][WARNING] - A browser is already opened. Closing browser and opening a new one

2023-01-12 12:03:43 - [MESSAGE][INFO] - Starting 'Chrome' driver

2023-01-12 12:03:43 - [MESSAGE][INFO] - Action delay is set to 0 milliseconds

2023-01-12 12:03:44 - [MESSAGE][PASSED] - Browser is opened with url: ''

2023-01-12 12:03:44 - [TEST_STEP][PASSED] - navigateToUrl("https://bbstg.monstercode.net/auth/login"): Navigate to 'https://bbstg.monstercode.net/auth/login' successfully

2023-01-12 12:03:47 - [MESSAGE][PASSED] - Navigate to 'https://bbstg.monstercode.net/auth/login' successfully

2023-01-12 12:03:47 - [TEST_STEP][PASSED] - setText(findTestObject("Object Repository/Page_Bayu Buana/input_Email_username"), "admin@mail.com"): Text 'admin@mail.com' is set on object 'Object Repository/Page_Bayu Buana/input_Email_username'

2023-01-12 12:03:48 - [MESSAGE][PASSED] - Text 'admin@mail.com' is set on object 'Object Repository/Page_Bayu Buana/input_Email_username'

2023-01-12 12:03:48 - [TEST_STEP][PASSED] - setEncryptedText(findTestObject("Object Repository/Page_Bayu Buana/input_Password_password"), "8SQVv/p9jVScEs4/2CZsLw=="): Text ****** has been set on object 'Object Repository/Page_Bayu Buana/input_Password_password'

2023-01-12 12:03:49 - [MESSAGE][PASSED] - Text ****** has been set on object 'Object Repository/Page_Bayu Buana/input_Password_password'

2023-01-12 12:03:49 - [TEST_STEP][PASSED] - sendKeys(findTestObject("Object Repository/Page_Bayu Buana/input_Password_password"), Keys.chord(ENTER)): Keys 'ENTER + ' sent to object: 'Object Repository/Page_Bayu Buana/input_Password_password'

2023-01-12 12:03:49 - [MESSAGE][PASSED] - Keys 'ENTER + ' sent to object: 'Object Repository/Page_Bayu Buana/input_Password_password'

2023-01-12 12:03:49 - [MESSAGE][PASSED] - Call Test Case 'Test Cases/COBA/Login' successfully

2023-01-12 12:03:49 - [TEST_STEP][PASSED] - click(findTestObject("Page_Bayu Buana - Master Data Management/p_Master Data Management")): Object: 'Object Repository/Page_Bayu Buana - Master Data Management/p_Master Data Management' is clicked on

2023-01-12 12:03:51 - [MESSAGE][PASSED] - Object: 'Object Repository/Page_Bayu Buana - Master Data Management/p_Master Data Management' is clicked on

2023-01-12 12:03:51 - [TEST_STEP][PASSED] - click(findTestObject("Page_Bayu Buana - Master Data Management/p_Age Qualifying Type")): Object: 'Object Repository/Page_Bayu Buana - Master Data Management/p_Age Qualifying Type' is clicked on

2023-01-12 12:03:52 - [MESSAGE][PASSED] - Object: 'Object Repository/Page_Bayu Buana - Master Data Management/p_Age Qualifying Type' is clicked on

2023-01-12 12:03:52 - [TEST_STEP][PASSED] - setText(findTestObject("Object Repository/Age QT/Delete/Page_Bayu Buana - Age Qualifying Types/input_Age Qualifying Types_form-control"), "Age Qualifying Type Name (Automation)"): Text 'Age Qualifying Type Name (Automation)' is set on object 'Object Repository/Age QT/Delete/Page_Bayu Buana - Age Qualifying Types/input_Age Qualifying Types_form-control'

2023-01-12 12:03:53 - [MESSAGE][PASSED] - Text 'Age Qualifying Type Name (Automation)' is set on object 'Object Repository/Age QT/Delete/Page_Bayu Buana - Age Qualifying Types/input_Age Qualifying Types_form-control'

2023-01-12 12:03:53 - [TEST_STEP][PASSED] - verifyElementPresent(findTestObject("Object Repository/Age QT/Delete/Page_Bayu Buana - Age Qualifying Types/path_Actions_svg_2"), 0): Object 'Object Repository/Age QT/Delete/Page_Bayu Buana - Age Qualifying Types/path_Actions_svg_2' is present

2023-01-12 12:03:53 - [MESSAGE][WARNING] - Timeout '0' is invalid. Using default page load timeout: '30'

2023-01-12 12:03:54 - [MESSAGE][PASSED] - Object 'Object Repository/Age QT/Delete/Page_Bayu Buana - Age Qualifying Types/path_Actions_svg_2' is present

2023-01-12 12:03:54 - [TEST_STEP][PASSED] - verifyElementPresent(findTestObject("Object Repository/Age QT/Delete/Page_Bayu Buana - Age Qualifying Types/input_Actions_float-left select-checkbox-it_8952ca"), 0): Object 'Object Repository/Age QT/Delete/Page_Bayu Buana - Age Qualifying Types/input_Actions_float-left select-checkbox-it_8952ca' is present

2023-01-12 12:03:54 - [MESSAGE][WARNING] - Timeout '0' is invalid. Using default page load timeout: '30'

2023-01-12 12:03:54 - [MESSAGE][PASSED] - Object 'Object Repository/Age QT/Delete/Page_Bayu Buana - Age Qualifying Types/input_Actions_float-left select-checkbox-it_8952ca' is present

2023-01-12 12:03:54 - [TEST_STEP][PASSED] - verifyElementPresent(findTestObject("Object Repository/Age QT/Delete/Page_Bayu Buana - Age Qualifying Types/td_321"), 0): Object 'Object Repository/Age QT/Delete/Page_Bayu Buana - Age Qualifying Types/td_321' is present

2023-01-12 12:03:54 - [MESSAGE][WARNING] - Timeout '0' is invalid. Using default page load timeout: '30'

2023-01-12 12:03:55 - [MESSAGE][PASSED] - Object 'Object Repository/Age QT/Delete/Page_Bayu Buana - Age Qualifying Types/td_321' is present

2023-01-12 12:03:55 - [TEST_STEP][PASSED] - verifyElementPresent(findTestObject("Object Repository/Age QT/Delete/Page_Bayu Buana - Age Qualifying Types/td_Age Qualifying Type Name (Automation)"), 0): Object 'Object Repository/Age QT/Delete/Page_Bayu Buana - Age Qualifying Types/td_Age Qualifying Type Name (Automation)' is present

2023-01-12 12:03:55 - [MESSAGE][WARNING] - Timeout '0' is invalid. Using default page load timeout: '30'

2023-01-12 12:03:55 - [MESSAGE][PASSED] - Object 'Object Repository/Age QT/Delete/Page_Bayu Buana - Age Qualifying Types/td_Age Qualifying Type Name (Automation)' is present

2023-01-12 12:03:55 - [TEST_STEP][PASSED] - verifyElementPresent(findTestObject("Object Repository/Age QT/Delete/Page_Bayu Buana - Age Qualifying Types/td_Active"), 0): Object 'Object Repository/Age QT/Delete/Page_Bayu Buana - Age Qualifying Types/td_Active' is present

2023-01-12 12:03:55 - [MESSAGE][WARNING] - Timeout '0' is invalid. Using default page load timeout: '30'

2023-01-12 12:03:55 - [MESSAGE][PASSED] - Object 'Object Repository/Age QT/Delete/Page_Bayu Buana - Age Qualifying Types/td_Active' is present

2023-01-12 12:03:55 - [TEST_STEP][PASSED] - verifyElementClickable(findTestObject("Object Repository/Age QT/Delete/Page_Bayu Buana - Age Qualifying Types/img")): Object 'Object Repository/Age QT/Delete/Page_Bayu Buana - Age Qualifying Types/img' is clickable

2023-01-12 12:03:56 - [MESSAGE][PASSED] - Object 'Object Repository/Age QT/Delete/Page_Bayu Buana - Age Qualifying Types/img' is clickable

2023-01-12 12:03:56 - [TEST_STEP][PASSED] - verifyElementClickable(findTestObject("Object Repository/Age QT/Delete/Page_Bayu Buana - Age Qualifying Types/img_1")): Object 'Object Repository/Age QT/Delete/Page_Bayu Buana - Age Qualifying Types/img_1' is clickable

2023-01-12 12:03:56 - [MESSAGE][PASSED] - Object 'Object Repository/Age QT/Delete/Page_Bayu Buana - Age Qualifying Types/img_1' is clickable

2023-01-12 12:03:56 - [TEST_STEP][PASSED] - click(findTestObject("Object Repository/Age QT/Delete/Page_Bayu Buana - Age Qualifying Types/img_1_2")): Object: 'Object Repository/Age QT/Delete/Page_Bayu Buana - Age Qualifying Types/img_1_2' is clicked on

2023-01-12 12:03:57 - [MESSAGE][PASSED] - Object: 'Object Repository/Age QT/Delete/Page_Bayu Buana - Age Qualifying Types/img_1_2' is clicked on

2023-01-12 12:03:57 - [TEST_STEP][PASSED] - verifyElementText(findTestObject("Object Repository/Age QT/Delete/Page_Bayu Buana - Age Qualifying Types/div_Delete Age Qualifying Type"), "Delete Age Qualifying Type"): Actual text and expected text of test object 'Object Repository/Age QT/Delete/Page_Bayu Buana - Age Qualifying Types/div_Delete Age Qualifying Type' are matched.

2023-01-12 12:03:57 - [MESSAGE][PASSED] - Actual text and expected text of test object 'Object Repository/Age QT/Delete/Page_Bayu Buana - Age Qualifying Types/div_Delete Age Qualifying Type' are matched.

2023-01-12 12:03:57 - [TEST_STEP][PASSED] - verifyElementPresent(findTestObject("Object Repository/Age QT/Delete/Page_Bayu Buana - Age Qualifying Types/div_Are you sure you want to delete thisAge_c332eb"), 0): Object 'Object Repository/Age QT/Delete/Page_Bayu Buana - Age Qualifying Types/div_Are you sure you want to delete thisAge_c332eb' is present

2023-01-12 12:03:57 - [MESSAGE][WARNING] - Timeout '0' is invalid. Using default page load timeout: '30'

2023-01-12 12:03:58 - [MESSAGE][PASSED] - Object 'Object Repository/Age QT/Delete/Page_Bayu Buana - Age Qualifying Types/div_Are you sure you want to delete thisAge_c332eb' is present

2023-01-12 12:03:58 - [TEST_STEP][PASSED] - verifyElementClickable(findTestObject("Object Repository/Age QT/Delete/Page_Bayu Buana - Age Qualifying Types/button_Delete")): Object 'Object Repository/Age QT/Delete/Page_Bayu Buana - Age Qualifying Types/button_Delete' is clickable

2023-01-12 12:03:58 - [MESSAGE][PASSED] - Object 'Object Repository/Age QT/Delete/Page_Bayu Buana - Age Qualifying Types/button_Delete' is clickable

2023-01-12 12:03:58 - [TEST_STEP][PASSED] - verifyElementClickable(findTestObject("Object Repository/Age QT/Delete/Page_Bayu Buana - Age Qualifying Types/button_Cancel")): Object 'Object Repository/Age QT/Delete/Page_Bayu Buana - Age Qualifying Types/button_Cancel' is clickable

2023-01-12 12:03:58 - [MESSAGE][PASSED] - Object 'Object Repository/Age QT/Delete/Page_Bayu Buana - Age Qualifying Types/button_Cancel' is clickable

2023-01-12 12:03:58 - [TEST_STEP][PASSED] - click(findTestObject("Object Repository/Age QT/Delete/Page_Bayu Buana - Age Qualifying Types/button_Delete")): Object: 'Object Repository/Age QT/Delete/Page_Bayu Buana - Age Qualifying Types/button_Delete' is clicked on

2023-01-12 12:03:59 - [MESSAGE][PASSED] - Object: 'Object Repository/Age QT/Delete/Page_Bayu Buana - Age Qualifying Types/button_Delete' is clicked on

2023-01-12 12:03:59 - [TEST_STEP][PASSED] - verifyElementPresent(findTestObject("Object Repository/Age QT/Delete/Page_Bayu Buana - Age Qualifying Types/div_Record Age Qualifying Type Code 321 Age_41ef1f"), 0): Object 'Object Repository/Age QT/Delete/Page_Bayu Buana - Age Qualifying Types/div_Record Age Qualifying Type Code 321 Age_41ef1f' is present

2023-01-12 12:03:59 - [MESSAGE][WARNING] - Timeout '0' is invalid. Using default page load timeout: '30'

2023-01-12 12:03:59 - [MESSAGE][PASSED] - Object 'Object Repository/Age QT/Delete/Page_Bayu Buana - Age Qualifying Types/div_Record Age Qualifying Type Code 321 Age_41ef1f' is present

2023-01-12 12:03:59 - [TEST_STEP][PASSED] - verifyElementText(findTestObject("Object Repository/Age QT/Delete/Page_Bayu Buana - Age Qualifying Types/td_No age qualifying types found"), "No age qualifying types found"): Actual text and expected text of test object 'Object Repository/Age QT/Delete/Page_Bayu Buana - Age Qualifying Types/td_No age qualifying types found' are matched.

2023-01-12 12:04:00 - [MESSAGE][PASSED] - Actual text and expected text of test object 'Object Repository/Age QT/Delete/Page_Bayu Buana - Age Qualifying Types/td_No age qualifying types found' are matched.

2023-01-12 12:04:00 - [TEST_STEP][FAILED] - takeScreenshot("", STOP_ON_FAILURE): Cannot take screenshot (Root cause: com.kms.katalon.core.exception.StepFailedException: Cannot take screenshot
	at com.kms.katalon.core.webui.keyword.internal.WebUIKeywordMain.stepFailed(WebUIKeywordMain.groovy:64)
	at com.kms.katalon.core.webui.keyword.internal.WebUIKeywordMain.runKeyword(WebUIKeywordMain.groovy:26)
	at com.kms.katalon.core.webui.keyword.builtin.TakeScreenshotKeyword.takeScreenshot(TakeScreenshotKeyword.groovy:126)
	at com.kms.katalon.core.webui.keyword.builtin.TakeScreenshotKeyword.execute(TakeScreenshotKeyword.groovy:84)
	at com.kms.katalon.core.keyword.internal.KeywordExecutor.executeKeywordForPlatform(KeywordExecutor.groovy:74)
	at com.kms.katalon.core.webui.keyword.WebUiBuiltInKeywords.takeScreenshot(WebUiBuiltInKeywords.groovy:2940)
	at com.kms.katalon.core.webui.keyword.WebUiBuiltInKeywords$takeScreenshot$8.call(Unknown Source)
	at Age Qualifying Types - Delete.run(Age Qualifying Types - Delete:68)
	at com.kms.katalon.core.main.ScriptEngine.run(ScriptEngine.java:194)
	at com.kms.katalon.core.main.ScriptEngine.runScriptAsRawText(ScriptEngine.java:119)
	at com.kms.katalon.core.main.TestCaseExecutor.runScript(TestCaseExecutor.java:445)
	at com.kms.katalon.core.main.TestCaseExecutor.doExecute(TestCaseExecutor.java:436)
	at com.kms.katalon.core.main.TestCaseExecutor.processExecutionPhase(TestCaseExecutor.java:415)
	at com.kms.katalon.core.main.TestCaseExecutor.accessMainPhase(TestCaseExecutor.java:407)
	at com.kms.katalon.core.main.TestCaseExecutor.execute(TestCaseExecutor.java:284)
	at com.kms.katalon.core.common.CommonExecutor.accessTestCaseMainPhase(CommonExecutor.java:65)
	at com.kms.katalon.core.main.TestSuiteExecutor.accessTestSuiteMainPhase(TestSuiteExecutor.java:144)
	at com.kms.katalon.core.main.TestSuiteExecutor.execute(TestSuiteExecutor.java:106)
	at com.kms.katalon.core.main.TestCaseMain.startTestSuite(TestCaseMain.java:185)
	at com.kms.katalon.core.main.TestCaseMain$startTestSuite$0.call(Unknown Source)
	at TempTestSuite1673499786462.run(TempTestSuite1673499786462.groovy:36)
Caused by: java.io.FileNotFoundException:  (Result too large)
	at org.apache.commons.io.FileUtils.doCopyFile(FileUtils.java:1123)
	at org.apache.commons.io.FileUtils.copyFile(FileUtils.java:1076)
	at com.kms.katalon.core.webui.util.FileUtil.takeDefaultScreenshot(FileUtil.java:333)
	at com.kms.katalon.core.webui.util.FileUtil.takesScreenshot(FileUtil.java:58)
	at com.kms.katalon.core.webui.keyword.builtin.TakeScreenshotKeyword$_takeScreenshot_closure1.doCall(TakeScreenshotKeyword.groovy:127)
	at com.kms.katalon.core.webui.keyword.builtin.TakeScreenshotKeyword$_takeScreenshot_closure1.call(TakeScreenshotKeyword.groovy)
	at com.kms.katalon.core.webui.keyword.internal.WebUIKeywordMain.runKeyword(WebUIKeywordMain.groovy:20)
	at com.kms.katalon.core.webui.keyword.builtin.TakeScreenshotKeyword.takeScreenshot(TakeScreenshotKeyword.groovy:126)
	at com.kms.katalon.core.webui.keyword.builtin.TakeScreenshotKeyword.execute(TakeScreenshotKeyword.groovy:84)
	at com.kms.katalon.core.keyword.internal.KeywordExecutor.executeKeywordForPlatform(KeywordExecutor.groovy:74)
	at com.kms.katalon.core.webui.keyword.WebUiBuiltInKeywords.takeScreenshot(WebUiBuiltInKeywords.groovy:2940)
	at com.kms.katalon.core.webui.keyword.WebUiBuiltInKeywords$takeScreenshot$8.call(Unknown Source)
	at Script1673454835794.run(Script1673454835794.groovy:68)
	... 13 more
)

2023-01-12 12:04:00 - [MESSAGE][FAILED] - Cannot take screenshot (Root cause: com.kms.katalon.core.exception.StepFailedException: Cannot take screenshot
	at com.kms.katalon.core.webui.keyword.internal.WebUIKeywordMain.stepFailed(WebUIKeywordMain.groovy:64)
	at com.kms.katalon.core.webui.keyword.internal.WebUIKeywordMain.runKeyword(WebUIKeywordMain.groovy:26)
	at com.kms.katalon.core.webui.keyword.builtin.TakeScreenshotKeyword.takeScreenshot(TakeScreenshotKeyword.groovy:126)
	at com.kms.katalon.core.webui.keyword.builtin.TakeScreenshotKeyword.execute(TakeScreenshotKeyword.groovy:84)
	at com.kms.katalon.core.keyword.internal.KeywordExecutor.executeKeywordForPlatform(KeywordExecutor.groovy:74)
	at com.kms.katalon.core.webui.keyword.WebUiBuiltInKeywords.takeScreenshot(WebUiBuiltInKeywords.groovy:2940)
	at com.kms.katalon.core.webui.keyword.WebUiBuiltInKeywords$takeScreenshot$8.call(Unknown Source)
	at Age Qualifying Types - Delete.run(Age Qualifying Types - Delete:68)
	at com.kms.katalon.core.main.ScriptEngine.run(ScriptEngine.java:194)
	at com.kms.katalon.core.main.ScriptEngine.runScriptAsRawText(ScriptEngine.java:119)
	at com.kms.katalon.core.main.TestCaseExecutor.runScript(TestCaseExecutor.java:445)
	at com.kms.katalon.core.main.TestCaseExecutor.doExecute(TestCaseExecutor.java:436)
	at com.kms.katalon.core.main.TestCaseExecutor.processExecutionPhase(TestCaseExecutor.java:415)
	at com.kms.katalon.core.main.TestCaseExecutor.accessMainPhase(TestCaseExecutor.java:407)
	at com.kms.katalon.core.main.TestCaseExecutor.execute(TestCaseExecutor.java:284)
	at com.kms.katalon.core.common.CommonExecutor.accessTestCaseMainPhase(CommonExecutor.java:65)
	at com.kms.katalon.core.main.TestSuiteExecutor.accessTestSuiteMainPhase(TestSuiteExecutor.java:144)
	at com.kms.katalon.core.main.TestSuiteExecutor.execute(TestSuiteExecutor.java:106)
	at com.kms.katalon.core.main.TestCaseMain.startTestSuite(TestCaseMain.java:185)
	at com.kms.katalon.core.main.TestCaseMain$startTestSuite$0.call(Unknown Source)
	at TempTestSuite1673499786462.run(TempTestSuite1673499786462.groovy:36)
Caused by: java.io.FileNotFoundException:  (Result too large)
	at org.apache.commons.io.FileUtils.doCopyFile(FileUtils.java:1123)
	at org.apache.commons.io.FileUtils.copyFile(FileUtils.java:1076)
	at com.kms.katalon.core.webui.util.FileUtil.takeDefaultScreenshot(FileUtil.java:333)
	at com.kms.katalon.core.webui.util.FileUtil.takesScreenshot(FileUtil.java:58)
	at com.kms.katalon.core.webui.keyword.builtin.TakeScreenshotKeyword$_takeScreenshot_closure1.doCall(TakeScreenshotKeyword.groovy:127)
	at com.kms.katalon.core.webui.keyword.builtin.TakeScreenshotKeyword$_takeScreenshot_closure1.call(TakeScreenshotKeyword.groovy)
	at com.kms.katalon.core.webui.keyword.internal.WebUIKeywordMain.runKeyword(WebUIKeywordMain.groovy:20)
	at com.kms.katalon.core.webui.keyword.builtin.TakeScreenshotKeyword.takeScreenshot(TakeScreenshotKeyword.groovy:126)
	at com.kms.katalon.core.webui.keyword.builtin.TakeScreenshotKeyword.execute(TakeScreenshotKeyword.groovy:84)
	at com.kms.katalon.core.keyword.internal.KeywordExecutor.executeKeywordForPlatform(KeywordExecutor.groovy:74)
	at com.kms.katalon.core.webui.keyword.WebUiBuiltInKeywords.takeScreenshot(WebUiBuiltInKeywords.groovy:2940)
	at com.kms.katalon.core.webui.keyword.WebUiBuiltInKeywords$takeScreenshot$8.call(Unknown Source)
	at Script1673454835794.run(Script1673454835794.groovy:68)
	... 13 more
)]]></system-out>
         <system-err><![CDATA[2023-01-12 12:03:41 - [TEST_CASE][FAILED] - Test Cases/COBA/Age Qualifying Types - Delete: Test Cases/COBA/Age Qualifying Types - Delete FAILED.
Reason:
com.kms.katalon.core.exception.StepFailedException: Cannot take screenshot
	at com.kms.katalon.core.webui.keyword.internal.WebUIKeywordMain.stepFailed(WebUIKeywordMain.groovy:64)
	at com.kms.katalon.core.webui.keyword.internal.WebUIKeywordMain.runKeyword(WebUIKeywordMain.groovy:26)
	at com.kms.katalon.core.webui.keyword.builtin.TakeScreenshotKeyword.takeScreenshot(TakeScreenshotKeyword.groovy:126)
	at com.kms.katalon.core.webui.keyword.builtin.TakeScreenshotKeyword.execute(TakeScreenshotKeyword.groovy:84)
	at com.kms.katalon.core.keyword.internal.KeywordExecutor.executeKeywordForPlatform(KeywordExecutor.groovy:74)
	at com.kms.katalon.core.webui.keyword.WebUiBuiltInKeywords.takeScreenshot(WebUiBuiltInKeywords.groovy:2940)
	at com.kms.katalon.core.webui.keyword.WebUiBuiltInKeywords$takeScreenshot$8.call(Unknown Source)
	at Age Qualifying Types - Delete.run(Age Qualifying Types - Delete:68)
	at com.kms.katalon.core.main.ScriptEngine.run(ScriptEngine.java:194)
	at com.kms.katalon.core.main.ScriptEngine.runScriptAsRawText(ScriptEngine.java:119)
	at com.kms.katalon.core.main.TestCaseExecutor.runScript(TestCaseExecutor.java:445)
	at com.kms.katalon.core.main.TestCaseExecutor.doExecute(TestCaseExecutor.java:436)
	at com.kms.katalon.core.main.TestCaseExecutor.processExecutionPhase(TestCaseExecutor.java:415)
	at com.kms.katalon.core.main.TestCaseExecutor.accessMainPhase(TestCaseExecutor.java:407)
	at com.kms.katalon.core.main.TestCaseExecutor.execute(TestCaseExecutor.java:284)
	at com.kms.katalon.core.common.CommonExecutor.accessTestCaseMainPhase(CommonExecutor.java:65)
	at com.kms.katalon.core.main.TestSuiteExecutor.accessTestSuiteMainPhase(TestSuiteExecutor.java:144)
	at com.kms.katalon.core.main.TestSuiteExecutor.execute(TestSuiteExecutor.java:106)
	at com.kms.katalon.core.main.TestCaseMain.startTestSuite(TestCaseMain.java:185)
	at com.kms.katalon.core.main.TestCaseMain$startTestSuite$0.call(Unknown Source)
	at TempTestSuite1673499786462.run(TempTestSuite1673499786462.groovy:36)
Caused by: java.io.FileNotFoundException:  (Result too large)
	at org.apache.commons.io.FileUtils.doCopyFile(FileUtils.java:1123)
	at org.apache.commons.io.FileUtils.copyFile(FileUtils.java:1076)
	at com.kms.katalon.core.webui.util.FileUtil.takeDefaultScreenshot(FileUtil.java:333)
	at com.kms.katalon.core.webui.util.FileUtil.takesScreenshot(FileUtil.java:58)
	at com.kms.katalon.core.webui.keyword.builtin.TakeScreenshotKeyword$_takeScreenshot_closure1.doCall(TakeScreenshotKeyword.groovy:127)
	at com.kms.katalon.core.webui.keyword.builtin.TakeScreenshotKeyword$_takeScreenshot_closure1.call(TakeScreenshotKeyword.groovy)
	at com.kms.katalon.core.webui.keyword.internal.WebUIKeywordMain.runKeyword(WebUIKeywordMain.groovy:20)
	... 19 more]]></system-err>
      </testcase>
      <system-out><![CDATA[2023-01-12 12:03:18 - [TEST_SUITE][FAILED] - RUN: Test Cases/COBA/Age Qualifying Types - Create FAILED.
Reason:
com.kms.katalon.core.exception.StepFailedException: Verify element text of test object 'Object Repository/Age QT/Create/Page_Bayu Buana - Age Qualifying Types/td_Age Qualifying Type Name (Automation)' FAILED.
	at com.kms.katalon.core.webui.keyword.internal.WebUIKeywordMain.stepFailed(WebUIKeywordMain.groovy:64)
	at com.kms.katalon.core.webui.keyword.internal.WebUIKeywordMain.runKeyword(WebUIKeywordMain.groovy:26)
	at com.kms.katalon.core.webui.keyword.builtin.VerifyElementTextKeyword.verifyElementText(VerifyElementTextKeyword.groovy:72)
	at com.kms.katalon.core.webui.keyword.builtin.VerifyElementTextKeyword.execute(VerifyElementTextKeyword.groovy:40)
	at com.kms.katalon.core.keyword.internal.KeywordExecutor.executeKeywordForPlatform(KeywordExecutor.groovy:74)
	at com.kms.katalon.core.webui.keyword.WebUiBuiltInKeywords.verifyElementText(WebUiBuiltInKeywords.groovy:4749)
	at com.kms.katalon.core.webui.keyword.WebUiBuiltInKeywords$verifyElementText$6.call(Unknown Source)
	at Age Qualifying Types - Create.run(Age Qualifying Types - Create:49)
	at com.kms.katalon.core.main.ScriptEngine.run(ScriptEngine.java:194)
	at com.kms.katalon.core.main.ScriptEngine.runScriptAsRawText(ScriptEngine.java:119)
	at com.kms.katalon.core.main.TestCaseExecutor.runScript(TestCaseExecutor.java:445)
	at com.kms.katalon.core.main.TestCaseExecutor.doExecute(TestCaseExecutor.java:436)
	at com.kms.katalon.core.main.TestCaseExecutor.processExecutionPhase(TestCaseExecutor.java:415)
	at com.kms.katalon.core.main.TestCaseExecutor.accessMainPhase(TestCaseExecutor.java:407)
	at com.kms.katalon.core.main.TestCaseExecutor.execute(TestCaseExecutor.java:284)
	at com.kms.katalon.core.common.CommonExecutor.accessTestCaseMainPhase(CommonExecutor.java:65)
	at com.kms.katalon.core.main.TestSuiteExecutor.accessTestSuiteMainPhase(TestSuiteExecutor.java:144)
	at com.kms.katalon.core.main.TestSuiteExecutor.execute(TestSuiteExecutor.java:106)
	at com.kms.katalon.core.main.TestCaseMain.startTestSuite(TestCaseMain.java:185)
	at com.kms.katalon.core.main.TestCaseMain$startTestSuite$0.call(Unknown Source)
	at TempTestSuite1673499786462.run(TempTestSuite1673499786462.groovy:36)
Caused by: org.openqa.selenium.StaleElementReferenceException: stale element reference: element is not attached to the page document
  (Session info: chrome=108.0.5359.125)
For documentation on this error, please visit: https://www.seleniumhq.org/exceptions/stale_element_reference.html
Build info: version: '3.141.59', revision: 'e82be7d358', time: '2018-11-14T08:25:53'
System info: host: 'THINKPAD-T470-S', ip: '192.168.56.1', os.name: 'Windows 10', os.arch: 'amd64', os.version: '10.0', java.version: '1.8.0_282'
Driver info: com.kms.katalon.selenium.driver.CChromeDriver
Capabilities {acceptInsecureCerts: false, browserName: chrome, browserVersion: 108.0.5359.125, chrome: {chromedriverVersion: 107.0.5304.62 (1eec40d3a576..., userDataDir: C:\Users\User\AppData\Local...}, goog:chromeOptions: {debuggerAddress: localhost:56031}, javascriptEnabled: true, networkConnectionEnabled: false, pageLoadStrategy: normal, platform: WINDOWS, platformName: WINDOWS, proxy: Proxy(), setWindowRect: true, strictFileInteractability: false, timeouts: {implicit: 0, pageLoad: 300000, script: 30000}, unhandledPromptBehavior: dismiss and notify, webauthn:extension:credBlob: true, webauthn:extension:largeBlob: true, webauthn:virtualAuthenticators: true}
Session ID: e8a3fa97082a19e68d4fb988106eebfb
	at org.openqa.selenium.remote.http.W3CHttpResponseCodec.createException(W3CHttpResponseCodec.java:187)
	at org.openqa.selenium.remote.http.W3CHttpResponseCodec.decode(W3CHttpResponseCodec.java:122)
	at org.openqa.selenium.remote.http.W3CHttpResponseCodec.decode(W3CHttpResponseCodec.java:49)
	at org.openqa.selenium.remote.HttpCommandExecutor.execute(HttpCommandExecutor.java:158)
	at org.openqa.selenium.remote.service.DriverCommandExecutor.execute(DriverCommandExecutor.java:83)
	at org.openqa.selenium.remote.RemoteWebDriver.execute(RemoteWebDriver.java:552)
	at com.kms.katalon.selenium.driver.CChromeDriver.execute(CChromeDriver.java:19)
	at org.openqa.selenium.remote.RemoteWebElement.execute(RemoteWebElement.java:285)
	at org.openqa.selenium.remote.RemoteWebElement.getText(RemoteWebElement.java:166)
	at org.openqa.selenium.support.events.EventFiringWebDriver$EventFiringWebElement.lambda$new$0(EventFiringWebDriver.java:404)
	at com.sun.proxy.$Proxy11.getText(Unknown Source)
	at org.openqa.selenium.support.events.EventFiringWebDriver$EventFiringWebElement.getText(EventFiringWebDriver.java:463)
	at com.kms.katalon.core.webui.keyword.builtin.VerifyElementTextKeyword$_verifyElementText_closure1.doCall(VerifyElementTextKeyword.groovy:53)
	at com.kms.katalon.core.webui.keyword.builtin.VerifyElementTextKeyword$_verifyElementText_closure1.call(VerifyElementTextKeyword.groovy)
	at com.kms.katalon.core.webui.keyword.internal.WebUIKeywordMain.runKeyword(WebUIKeywordMain.groovy:20)
	... 19 more]]></system-out>
      <system-err><![CDATA[2023-01-12 12:03:18 - [TEST_SUITE][FAILED] - RUN: Test Cases/COBA/Age Qualifying Types - Create FAILED.
Reason:
com.kms.katalon.core.exception.StepFailedException: Verify element text of test object 'Object Repository/Age QT/Create/Page_Bayu Buana - Age Qualifying Types/td_Age Qualifying Type Name (Automation)' FAILED.
	at com.kms.katalon.core.webui.keyword.internal.WebUIKeywordMain.stepFailed(WebUIKeywordMain.groovy:64)
	at com.kms.katalon.core.webui.keyword.internal.WebUIKeywordMain.runKeyword(WebUIKeywordMain.groovy:26)
	at com.kms.katalon.core.webui.keyword.builtin.VerifyElementTextKeyword.verifyElementText(VerifyElementTextKeyword.groovy:72)
	at com.kms.katalon.core.webui.keyword.builtin.VerifyElementTextKeyword.execute(VerifyElementTextKeyword.groovy:40)
	at com.kms.katalon.core.keyword.internal.KeywordExecutor.executeKeywordForPlatform(KeywordExecutor.groovy:74)
	at com.kms.katalon.core.webui.keyword.WebUiBuiltInKeywords.verifyElementText(WebUiBuiltInKeywords.groovy:4749)
	at com.kms.katalon.core.webui.keyword.WebUiBuiltInKeywords$verifyElementText$6.call(Unknown Source)
	at Age Qualifying Types - Create.run(Age Qualifying Types - Create:49)
	at com.kms.katalon.core.main.ScriptEngine.run(ScriptEngine.java:194)
	at com.kms.katalon.core.main.ScriptEngine.runScriptAsRawText(ScriptEngine.java:119)
	at com.kms.katalon.core.main.TestCaseExecutor.runScript(TestCaseExecutor.java:445)
	at com.kms.katalon.core.main.TestCaseExecutor.doExecute(TestCaseExecutor.java:436)
	at com.kms.katalon.core.main.TestCaseExecutor.processExecutionPhase(TestCaseExecutor.java:415)
	at com.kms.katalon.core.main.TestCaseExecutor.accessMainPhase(TestCaseExecutor.java:407)
	at com.kms.katalon.core.main.TestCaseExecutor.execute(TestCaseExecutor.java:284)
	at com.kms.katalon.core.common.CommonExecutor.accessTestCaseMainPhase(CommonExecutor.java:65)
	at com.kms.katalon.core.main.TestSuiteExecutor.accessTestSuiteMainPhase(TestSuiteExecutor.java:144)
	at com.kms.katalon.core.main.TestSuiteExecutor.execute(TestSuiteExecutor.java:106)
	at com.kms.katalon.core.main.TestCaseMain.startTestSuite(TestCaseMain.java:185)
	at com.kms.katalon.core.main.TestCaseMain$startTestSuite$0.call(Unknown Source)
	at TempTestSuite1673499786462.run(TempTestSuite1673499786462.groovy:36)
Caused by: org.openqa.selenium.StaleElementReferenceException: stale element reference: element is not attached to the page document
  (Session info: chrome=108.0.5359.125)
For documentation on this error, please visit: https://www.seleniumhq.org/exceptions/stale_element_reference.html
Build info: version: '3.141.59', revision: 'e82be7d358', time: '2018-11-14T08:25:53'
System info: host: 'THINKPAD-T470-S', ip: '192.168.56.1', os.name: 'Windows 10', os.arch: 'amd64', os.version: '10.0', java.version: '1.8.0_282'
Driver info: com.kms.katalon.selenium.driver.CChromeDriver
Capabilities {acceptInsecureCerts: false, browserName: chrome, browserVersion: 108.0.5359.125, chrome: {chromedriverVersion: 107.0.5304.62 (1eec40d3a576..., userDataDir: C:\Users\User\AppData\Local...}, goog:chromeOptions: {debuggerAddress: localhost:56031}, javascriptEnabled: true, networkConnectionEnabled: false, pageLoadStrategy: normal, platform: WINDOWS, platformName: WINDOWS, proxy: Proxy(), setWindowRect: true, strictFileInteractability: false, timeouts: {implicit: 0, pageLoad: 300000, script: 30000}, unhandledPromptBehavior: dismiss and notify, webauthn:extension:credBlob: true, webauthn:extension:largeBlob: true, webauthn:virtualAuthenticators: true}
Session ID: e8a3fa97082a19e68d4fb988106eebfb
	at org.openqa.selenium.remote.http.W3CHttpResponseCodec.createException(W3CHttpResponseCodec.java:187)
	at org.openqa.selenium.remote.http.W3CHttpResponseCodec.decode(W3CHttpResponseCodec.java:122)
	at org.openqa.selenium.remote.http.W3CHttpResponseCodec.decode(W3CHttpResponseCodec.java:49)
	at org.openqa.selenium.remote.HttpCommandExecutor.execute(HttpCommandExecutor.java:158)
	at org.openqa.selenium.remote.service.DriverCommandExecutor.execute(DriverCommandExecutor.java:83)
	at org.openqa.selenium.remote.RemoteWebDriver.execute(RemoteWebDriver.java:552)
	at com.kms.katalon.selenium.driver.CChromeDriver.execute(CChromeDriver.java:19)
	at org.openqa.selenium.remote.RemoteWebElement.execute(RemoteWebElement.java:285)
	at org.openqa.selenium.remote.RemoteWebElement.getText(RemoteWebElement.java:166)
	at org.openqa.selenium.support.events.EventFiringWebDriver$EventFiringWebElement.lambda$new$0(EventFiringWebDriver.java:404)
	at com.sun.proxy.$Proxy11.getText(Unknown Source)
	at org.openqa.selenium.support.events.EventFiringWebDriver$EventFiringWebElement.getText(EventFiringWebDriver.java:463)
	at com.kms.katalon.core.webui.keyword.builtin.VerifyElementTextKeyword$_verifyElementText_closure1.doCall(VerifyElementTextKeyword.groovy:53)
	at com.kms.katalon.core.webui.keyword.builtin.VerifyElementTextKeyword$_verifyElementText_closure1.call(VerifyElementTextKeyword.groovy)
	at com.kms.katalon.core.webui.keyword.internal.WebUIKeywordMain.runKeyword(WebUIKeywordMain.groovy:20)
	... 19 more]]></system-err>
   </testsuite>
</testsuites>
