<?xml version="1.0" encoding="UTF-8"?>
<testsuites name="RUN" time="84.303" tests="2" failures="2" errors="0">
   <testsuite name="RUN" tests="2" failures="2" errors="0" time="84.303" skipped="0" timestamp="2023-01-12 00:17:48" hostname="User - 192.168.56.1" id="Test Suites/RUN">
      <properties>
         <property name="deviceName" value=""/>
         <property name="devicePlatform" value=""/>
         <property name="logFolder" value="D:\\_Bayu Buana\\BB_Automation\\bb-internal_katalon\\Reports\\20230112_001736\\RUN\\20230112_001736"/>
         <property name="logFiles" value="D:\\_Bayu Buana\\BB_Automation\\bb-internal_katalon\\Reports\\20230112_001736\\RUN\\20230112_001736\\execution0.log"/>
         <property name="attachments" value="D:\\_Bayu Buana\\BB_Automation\\bb-internal_katalon\\Reports\\20230112_001736\\RUN\\20230112_001736\\1673457530010.png, D:\\_Bayu Buana\\BB_Automation\\bb-internal_katalon\\Reports\\20230112_001736\\RUN\\20230112_001736\\1673457530290.png"/>
         <property name="hostName" value="User - 192.168.56.1"/>
         <property name="os" value="Windows 10 64bit"/>
         <property name="katalonVersion" value="8.4.0.208"/>
         <property name="browser" value="Chrome 108.0.0.0"/>
         <property name="hostAddress" value="192.168.56.1"/>
         <property name="sessionId" value="5f2e05ab47cfc31fc4ecc9d64f1df376"/>
         <property name="seleniumVersion" value="3.141.59"/>
         <property name="proxyInformation" value="ProxyInformation { proxyOption=NO_PROXY, proxyServerType=HTTP, username=, password=********, proxyServerAddress=, proxyServerPort=0, executionList=&quot;&quot;, isApplyToDesiredCapabilities=true }"/>
         <property name="platform" value="Windows 10"/>
      </properties>
      <testcase name="Test Cases/COBA/Age Qualifying Types - Create" time="62.018" classname="Test Cases/COBA/Age Qualifying Types - Create" status="FAILED">
         <failure type="FAILED" message="Test Cases/COBA/Age Qualifying Types - Create FAILED.
Reason:
com.kms.katalon.core.exception.StepFailedException: Verify element text of test object 'Object Repository/Age QT/Create/Page_Bayu Buana - Age Qualifying Types/td_Active' FAILED.
	at com.kms.katalon.core.webui.keyword.internal.WebUIKeywordMain.stepFailed(WebUIKeywordMain.groovy:64)
	at com.kms.katalon.core.webui.keyword.internal.WebUIKeywordMain.runKeyword(WebUIKeywordMain.groovy:26)
	at com.kms.katalon.core.webui.keyword.builtin.VerifyElementTextKeyword.verifyElementText(VerifyElementTextKeyword.groovy:72)
	at com.kms.katalon.core.webui.keyword.builtin.VerifyElementTextKeyword.execute(VerifyElementTextKeyword.groovy:40)
	at com.kms.katalon.core.keyword.internal.KeywordExecutor.executeKeywordForPlatform(KeywordExecutor.groovy:74)
	at com.kms.katalon.core.webui.keyword.WebUiBuiltInKeywords.verifyElementText(WebUiBuiltInKeywords.groovy:4749)
	at com.kms.katalon.core.webui.keyword.WebUiBuiltInKeywords$verifyElementText$6.call(Unknown Source)
	at Age Qualifying Types - Create.run(Age Qualifying Types - Create:52)
	at com.kms.katalon.core.main.ScriptEngine.run(ScriptEngine.java:194)
	at com.kms.katalon.core.main.ScriptEngine.runScriptAsRawText(ScriptEngine.java:119)
	at com.kms.katalon.core.main.TestCaseExecutor.runScript(TestCaseExecutor.java:445)
	at com.kms.katalon.core.main.TestCaseExecutor.doExecute(TestCaseExecutor.java:436)
	at com.kms.katalon.core.main.TestCaseExecutor.processExecutionPhase(TestCaseExecutor.java:415)
	at com.kms.katalon.core.main.TestCaseExecutor.accessMainPhase(TestCaseExecutor.java:407)
	at com.kms.katalon.core.main.TestCaseExecutor.execute(TestCaseExecutor.java:284)
	at com.kms.katalon.core.common.CommonExecutor.accessTestCaseMainPhase(CommonExecutor.java:65)
	at com.kms.katalon.core.main.TestSuiteExecutor.accessTestSuiteMainPhase(TestSuiteExecutor.java:144)
	at com.kms.katalon.core.main.TestSuiteExecutor.execute(TestSuiteExecutor.java:106)
	at com.kms.katalon.core.main.TestCaseMain.startTestSuite(TestCaseMain.java:185)
	at com.kms.katalon.core.main.TestCaseMain$startTestSuite$0.call(Unknown Source)
	at TempTestSuite1673457456369.run(TempTestSuite1673457456369.groovy:36)
Caused by: com.kms.katalon.core.exception.StepFailedException: Actual text '' and expected text 'Active' of test object 'Object Repository/Age QT/Create/Page_Bayu Buana - Age Qualifying Types/td_Active' are NOT matched.
	at com.kms.katalon.core.webui.keyword.internal.WebUIKeywordMain.stepFailed(WebUIKeywordMain.groovy:64)
	at com.kms.katalon.core.webui.keyword.builtin.VerifyElementTextKeyword$_verifyElementText_closure1.doCall(VerifyElementTextKeyword.groovy:57)
	at com.kms.katalon.core.webui.keyword.builtin.VerifyElementTextKeyword$_verifyElementText_closure1.call(VerifyElementTextKeyword.groovy)
	at com.kms.katalon.core.webui.keyword.internal.WebUIKeywordMain.runKeyword(WebUIKeywordMain.groovy:20)
	... 19 more
"/>
         <system-out><![CDATA[2023-01-12 00:17:48 - [TEST_CASE][FAILED] - Test Cases/COBA/Age Qualifying Types - Create: Test Cases/COBA/Age Qualifying Types - Create FAILED.
Reason:
com.kms.katalon.core.exception.StepFailedException: Verify element text of test object 'Object Repository/Age QT/Create/Page_Bayu Buana - Age Qualifying Types/td_Active' FAILED.
	at com.kms.katalon.core.webui.keyword.internal.WebUIKeywordMain.stepFailed(WebUIKeywordMain.groovy:64)
	at com.kms.katalon.core.webui.keyword.internal.WebUIKeywordMain.runKeyword(WebUIKeywordMain.groovy:26)
	at com.kms.katalon.core.webui.keyword.builtin.VerifyElementTextKeyword.verifyElementText(VerifyElementTextKeyword.groovy:72)
	at com.kms.katalon.core.webui.keyword.builtin.VerifyElementTextKeyword.execute(VerifyElementTextKeyword.groovy:40)
	at com.kms.katalon.core.keyword.internal.KeywordExecutor.executeKeywordForPlatform(KeywordExecutor.groovy:74)
	at com.kms.katalon.core.webui.keyword.WebUiBuiltInKeywords.verifyElementText(WebUiBuiltInKeywords.groovy:4749)
	at com.kms.katalon.core.webui.keyword.WebUiBuiltInKeywords$verifyElementText$6.call(Unknown Source)
	at Age Qualifying Types - Create.run(Age Qualifying Types - Create:52)
	at com.kms.katalon.core.main.ScriptEngine.run(ScriptEngine.java:194)
	at com.kms.katalon.core.main.ScriptEngine.runScriptAsRawText(ScriptEngine.java:119)
	at com.kms.katalon.core.main.TestCaseExecutor.runScript(TestCaseExecutor.java:445)
	at com.kms.katalon.core.main.TestCaseExecutor.doExecute(TestCaseExecutor.java:436)
	at com.kms.katalon.core.main.TestCaseExecutor.processExecutionPhase(TestCaseExecutor.java:415)
	at com.kms.katalon.core.main.TestCaseExecutor.accessMainPhase(TestCaseExecutor.java:407)
	at com.kms.katalon.core.main.TestCaseExecutor.execute(TestCaseExecutor.java:284)
	at com.kms.katalon.core.common.CommonExecutor.accessTestCaseMainPhase(CommonExecutor.java:65)
	at com.kms.katalon.core.main.TestSuiteExecutor.accessTestSuiteMainPhase(TestSuiteExecutor.java:144)
	at com.kms.katalon.core.main.TestSuiteExecutor.execute(TestSuiteExecutor.java:106)
	at com.kms.katalon.core.main.TestCaseMain.startTestSuite(TestCaseMain.java:185)
	at com.kms.katalon.core.main.TestCaseMain$startTestSuite$0.call(Unknown Source)
	at TempTestSuite1673457456369.run(TempTestSuite1673457456369.groovy:36)
Caused by: com.kms.katalon.core.exception.StepFailedException: Actual text '' and expected text 'Active' of test object 'Object Repository/Age QT/Create/Page_Bayu Buana - Age Qualifying Types/td_Active' are NOT matched.
	at com.kms.katalon.core.webui.keyword.internal.WebUIKeywordMain.stepFailed(WebUIKeywordMain.groovy:64)
	at com.kms.katalon.core.webui.keyword.builtin.VerifyElementTextKeyword$_verifyElementText_closure1.doCall(VerifyElementTextKeyword.groovy:57)
	at com.kms.katalon.core.webui.keyword.builtin.VerifyElementTextKeyword$_verifyElementText_closure1.call(VerifyElementTextKeyword.groovy)
	at com.kms.katalon.core.webui.keyword.internal.WebUIKeywordMain.runKeyword(WebUIKeywordMain.groovy:20)
	... 19 more


2023-01-12 00:17:49 - [TEST_STEP][PASSED] - callTestCase(findTestCase("COBA/Login"), [:], STOP_ON_FAILURE): Call Test Case 'Test Cases/COBA/Login' successfully

2023-01-12 00:17:49 - [TEST_CASE][PASSED] - Test Cases/COBA/Login: Test Cases/COBA/Login

2023-01-12 00:17:49 - [TEST_STEP][PASSED] - openBrowser(""): Browser is opened with url: ''

2023-01-12 00:17:50 - [MESSAGE][INFO] - Starting 'Chrome' driver

2023-01-12 00:17:50 - [MESSAGE][INFO] - Action delay is set to 0 milliseconds

2023-01-12 00:17:53 - [MESSAGE][PASSED] - Browser is opened with url: ''

2023-01-12 00:17:53 - [TEST_STEP][PASSED] - navigateToUrl("https://bbstg.monstercode.net/auth/login"): Navigate to 'https://bbstg.monstercode.net/auth/login' successfully

2023-01-12 00:18:03 - [MESSAGE][PASSED] - Navigate to 'https://bbstg.monstercode.net/auth/login' successfully

2023-01-12 00:18:03 - [TEST_STEP][PASSED] - setText(findTestObject("Object Repository/Page_Bayu Buana/input_Email_username"), "admin@mail.com"): Text 'admin@mail.com' is set on object 'Object Repository/Page_Bayu Buana/input_Email_username'

2023-01-12 00:18:04 - [MESSAGE][PASSED] - Text 'admin@mail.com' is set on object 'Object Repository/Page_Bayu Buana/input_Email_username'

2023-01-12 00:18:04 - [TEST_STEP][PASSED] - setEncryptedText(findTestObject("Object Repository/Page_Bayu Buana/input_Password_password"), "8SQVv/p9jVScEs4/2CZsLw=="): Text ****** has been set on object 'Object Repository/Page_Bayu Buana/input_Password_password'

2023-01-12 00:18:05 - [MESSAGE][PASSED] - Text ****** has been set on object 'Object Repository/Page_Bayu Buana/input_Password_password'

2023-01-12 00:18:05 - [TEST_STEP][PASSED] - sendKeys(findTestObject("Object Repository/Page_Bayu Buana/input_Password_password"), Keys.chord(ENTER)): Keys 'ENTER + ' sent to object: 'Object Repository/Page_Bayu Buana/input_Password_password'

2023-01-12 00:18:05 - [MESSAGE][PASSED] - Keys 'ENTER + ' sent to object: 'Object Repository/Page_Bayu Buana/input_Password_password'

2023-01-12 00:18:05 - [MESSAGE][PASSED] - Call Test Case 'Test Cases/COBA/Login' successfully

2023-01-12 00:18:05 - [TEST_STEP][PASSED] - click(findTestObject("Page_Bayu Buana - Master Data Management/p_Master Data Management")): Object: 'Object Repository/Page_Bayu Buana - Master Data Management/p_Master Data Management' is clicked on

2023-01-12 00:18:10 - [MESSAGE][PASSED] - Object: 'Object Repository/Page_Bayu Buana - Master Data Management/p_Master Data Management' is clicked on

2023-01-12 00:18:10 - [TEST_STEP][PASSED] - click(findTestObject("Page_Bayu Buana - Master Data Management/p_Age Qualifying Type")): Object: 'Object Repository/Page_Bayu Buana - Master Data Management/p_Age Qualifying Type' is clicked on

2023-01-12 00:18:11 - [MESSAGE][PASSED] - Object: 'Object Repository/Page_Bayu Buana - Master Data Management/p_Age Qualifying Type' is clicked on

2023-01-12 00:18:11 - [TEST_STEP][PASSED] - click(findTestObject("Object Repository/Age QT/Create/Page_Bayu Buana - Age Qualifying Types/button_Create New")): Object: 'Object Repository/Age QT/Create/Page_Bayu Buana - Age Qualifying Types/button_Create New' is clicked on

2023-01-12 00:18:13 - [MESSAGE][PASSED] - Object: 'Object Repository/Age QT/Create/Page_Bayu Buana - Age Qualifying Types/button_Create New' is clicked on

2023-01-12 00:18:13 - [TEST_STEP][PASSED] - click(findTestObject("Object Repository/Age QT/Create/Page_Bayu Buana - Create Age Qualifying Type/input_Age Qualifying Type Name_age_qualifyi_ba4776")): Object: 'Object Repository/Age QT/Create/Page_Bayu Buana - Create Age Qualifying Type/input_Age Qualifying Type Name_age_qualifyi_ba4776' is clicked on

2023-01-12 00:18:14 - [MESSAGE][PASSED] - Object: 'Object Repository/Age QT/Create/Page_Bayu Buana - Create Age Qualifying Type/input_Age Qualifying Type Name_age_qualifyi_ba4776' is clicked on

2023-01-12 00:18:14 - [TEST_STEP][PASSED] - click(findTestObject("Object Repository/Age QT/Create/Page_Bayu Buana - Create Age Qualifying Type/div_Age Qualifying Type Name")): Object: 'Object Repository/Age QT/Create/Page_Bayu Buana - Create Age Qualifying Type/div_Age Qualifying Type Name' is clicked on

2023-01-12 00:18:14 - [MESSAGE][PASSED] - Object: 'Object Repository/Age QT/Create/Page_Bayu Buana - Create Age Qualifying Type/div_Age Qualifying Type Name' is clicked on

2023-01-12 00:18:14 - [TEST_STEP][PASSED] - setText(findTestObject("Object Repository/Age QT/Create/Page_Bayu Buana - Create Age Qualifying Type/input_Age Qualifying Type Name_age_qualifyi_ba4776"), "Age Qualifying Type Name (Automation)"): Text 'Age Qualifying Type Name (Automation)' is set on object 'Object Repository/Age QT/Create/Page_Bayu Buana - Create Age Qualifying Type/input_Age Qualifying Type Name_age_qualifyi_ba4776'

2023-01-12 00:18:37 - [MESSAGE][PASSED] - Text 'Age Qualifying Type Name (Automation)' is set on object 'Object Repository/Age QT/Create/Page_Bayu Buana - Create Age Qualifying Type/input_Age Qualifying Type Name_age_qualifyi_ba4776'

2023-01-12 00:18:37 - [TEST_STEP][PASSED] - setText(findTestObject("Object Repository/Age QT/Create/Page_Bayu Buana - Create Age Qualifying Type/input_Age Qualifying Type Code_age_qualifyi_5ae899"), "321"): Text '321' is set on object 'Object Repository/Age QT/Create/Page_Bayu Buana - Create Age Qualifying Type/input_Age Qualifying Type Code_age_qualifyi_5ae899'

2023-01-12 00:18:40 - [MESSAGE][PASSED] - Text '321' is set on object 'Object Repository/Age QT/Create/Page_Bayu Buana - Create Age Qualifying Type/input_Age Qualifying Type Code_age_qualifyi_5ae899'

2023-01-12 00:18:40 - [TEST_STEP][PASSED] - click(findTestObject("Object Repository/Age QT/Create/Page_Bayu Buana - Create Age Qualifying Type/button_SAVE")): Object: 'Object Repository/Age QT/Create/Page_Bayu Buana - Create Age Qualifying Type/button_SAVE' is clicked on

2023-01-12 00:18:44 - [MESSAGE][PASSED] - Object: 'Object Repository/Age QT/Create/Page_Bayu Buana - Create Age Qualifying Type/button_SAVE' is clicked on

2023-01-12 00:18:44 - [TEST_STEP][PASSED] - verifyElementPresent(findTestObject("Object Repository/Age QT/Create/Page_Bayu Buana - Age Qualifying Types/div_Record 321 - Age Qualifying Type Name (_29f3cb"), 0): Object 'Object Repository/Age QT/Create/Page_Bayu Buana - Age Qualifying Types/div_Record 321 - Age Qualifying Type Name (_29f3cb' is present

2023-01-12 00:18:44 - [MESSAGE][WARNING] - Timeout '0' is invalid. Using default page load timeout: '30'

2023-01-12 00:18:45 - [MESSAGE][PASSED] - Object 'Object Repository/Age QT/Create/Page_Bayu Buana - Age Qualifying Types/div_Record 321 - Age Qualifying Type Name (_29f3cb' is present

2023-01-12 00:18:45 - [TEST_STEP][PASSED] - setText(findTestObject("Object Repository/Age QT/Create/Page_Bayu Buana - Age Qualifying Types/input_Age Qualifying Types_form-control"), "321"): Text '321' is set on object 'Object Repository/Age QT/Create/Page_Bayu Buana - Age Qualifying Types/input_Age Qualifying Types_form-control'

2023-01-12 00:18:47 - [MESSAGE][PASSED] - Text '321' is set on object 'Object Repository/Age QT/Create/Page_Bayu Buana - Age Qualifying Types/input_Age Qualifying Types_form-control'

2023-01-12 00:18:47 - [TEST_STEP][PASSED] - verifyElementText(findTestObject("Object Repository/Age QT/Create/Page_Bayu Buana - Age Qualifying Types/td_321"), "321"): Actual text and expected text of test object 'Object Repository/Age QT/Create/Page_Bayu Buana - Age Qualifying Types/td_321' are matched.

2023-01-12 00:18:48 - [MESSAGE][PASSED] - Actual text and expected text of test object 'Object Repository/Age QT/Create/Page_Bayu Buana - Age Qualifying Types/td_321' are matched.

2023-01-12 00:18:48 - [TEST_STEP][PASSED] - verifyElementText(findTestObject("Object Repository/Age QT/Create/Page_Bayu Buana - Age Qualifying Types/td_Age Qualifying Type Name (Automation)"), "Age Qualifying Type Name (Automation)"): Actual text and expected text of test object 'Object Repository/Age QT/Create/Page_Bayu Buana - Age Qualifying Types/td_Age Qualifying Type Name (Automation)' are matched.

2023-01-12 00:18:49 - [MESSAGE][PASSED] - Actual text and expected text of test object 'Object Repository/Age QT/Create/Page_Bayu Buana - Age Qualifying Types/td_Age Qualifying Type Name (Automation)' are matched.

2023-01-12 00:18:49 - [TEST_STEP][FAILED] - verifyElementText(findTestObject("Object Repository/Age QT/Create/Page_Bayu Buana - Age Qualifying Types/td_Active"), "Active"): Verify element text of test object 'Object Repository/Age QT/Create/Page_Bayu Buana - Age Qualifying Types/td_Active' FAILED. (Root cause: com.kms.katalon.core.exception.StepFailedException: Verify element text of test object 'Object Repository/Age QT/Create/Page_Bayu Buana - Age Qualifying Types/td_Active' FAILED.
	at com.kms.katalon.core.webui.keyword.internal.WebUIKeywordMain.stepFailed(WebUIKeywordMain.groovy:64)
	at com.kms.katalon.core.webui.keyword.internal.WebUIKeywordMain.runKeyword(WebUIKeywordMain.groovy:26)
	at com.kms.katalon.core.webui.keyword.builtin.VerifyElementTextKeyword.verifyElementText(VerifyElementTextKeyword.groovy:72)
	at com.kms.katalon.core.webui.keyword.builtin.VerifyElementTextKeyword.execute(VerifyElementTextKeyword.groovy:40)
	at com.kms.katalon.core.keyword.internal.KeywordExecutor.executeKeywordForPlatform(KeywordExecutor.groovy:74)
	at com.kms.katalon.core.webui.keyword.WebUiBuiltInKeywords.verifyElementText(WebUiBuiltInKeywords.groovy:4749)
	at com.kms.katalon.core.webui.keyword.WebUiBuiltInKeywords$verifyElementText$6.call(Unknown Source)
	at Age Qualifying Types - Create.run(Age Qualifying Types - Create:52)
	at com.kms.katalon.core.main.ScriptEngine.run(ScriptEngine.java:194)
	at com.kms.katalon.core.main.ScriptEngine.runScriptAsRawText(ScriptEngine.java:119)
	at com.kms.katalon.core.main.TestCaseExecutor.runScript(TestCaseExecutor.java:445)
	at com.kms.katalon.core.main.TestCaseExecutor.doExecute(TestCaseExecutor.java:436)
	at com.kms.katalon.core.main.TestCaseExecutor.processExecutionPhase(TestCaseExecutor.java:415)
	at com.kms.katalon.core.main.TestCaseExecutor.accessMainPhase(TestCaseExecutor.java:407)
	at com.kms.katalon.core.main.TestCaseExecutor.execute(TestCaseExecutor.java:284)
	at com.kms.katalon.core.common.CommonExecutor.accessTestCaseMainPhase(CommonExecutor.java:65)
	at com.kms.katalon.core.main.TestSuiteExecutor.accessTestSuiteMainPhase(TestSuiteExecutor.java:144)
	at com.kms.katalon.core.main.TestSuiteExecutor.execute(TestSuiteExecutor.java:106)
	at com.kms.katalon.core.main.TestCaseMain.startTestSuite(TestCaseMain.java:185)
	at com.kms.katalon.core.main.TestCaseMain$startTestSuite$0.call(Unknown Source)
	at TempTestSuite1673457456369.run(TempTestSuite1673457456369.groovy:36)
Caused by: com.kms.katalon.core.exception.StepFailedException: Actual text '' and expected text 'Active' of test object 'Object Repository/Age QT/Create/Page_Bayu Buana - Age Qualifying Types/td_Active' are NOT matched.
	at com.kms.katalon.core.webui.keyword.internal.WebUIKeywordMain.stepFailed(WebUIKeywordMain.groovy:64)
	at com.kms.katalon.core.webui.keyword.builtin.VerifyElementTextKeyword$_verifyElementText_closure1.doCall(VerifyElementTextKeyword.groovy:57)
	at com.kms.katalon.core.webui.keyword.builtin.VerifyElementTextKeyword$_verifyElementText_closure1.call(VerifyElementTextKeyword.groovy)
	at com.kms.katalon.core.webui.keyword.internal.WebUIKeywordMain.runKeyword(WebUIKeywordMain.groovy:20)
	... 19 more
)

2023-01-12 00:18:50 - [MESSAGE][FAILED] - Actual text '' and expected text 'Active' of test object 'Object Repository/Age QT/Create/Page_Bayu Buana - Age Qualifying Types/td_Active' are NOT matched. (Root cause: com.kms.katalon.core.exception.StepFailedException: Actual text '' and expected text 'Active' of test object 'Object Repository/Age QT/Create/Page_Bayu Buana - Age Qualifying Types/td_Active' are NOT matched.
	at com.kms.katalon.core.webui.keyword.internal.WebUIKeywordMain.stepFailed(WebUIKeywordMain.groovy:64)
	at com.kms.katalon.core.webui.keyword.builtin.VerifyElementTextKeyword$_verifyElementText_closure1.doCall(VerifyElementTextKeyword.groovy:57)
	at com.kms.katalon.core.webui.keyword.builtin.VerifyElementTextKeyword$_verifyElementText_closure1.call(VerifyElementTextKeyword.groovy)
	at com.kms.katalon.core.webui.keyword.internal.WebUIKeywordMain.runKeyword(WebUIKeywordMain.groovy:20)
	at com.kms.katalon.core.webui.keyword.builtin.VerifyElementTextKeyword.verifyElementText(VerifyElementTextKeyword.groovy:72)
	at com.kms.katalon.core.webui.keyword.builtin.VerifyElementTextKeyword.execute(VerifyElementTextKeyword.groovy:40)
	at com.kms.katalon.core.keyword.internal.KeywordExecutor.executeKeywordForPlatform(KeywordExecutor.groovy:74)
	at com.kms.katalon.core.webui.keyword.WebUiBuiltInKeywords.verifyElementText(WebUiBuiltInKeywords.groovy:4749)
	at com.kms.katalon.core.webui.keyword.WebUiBuiltInKeywords$verifyElementText$6.call(Unknown Source)
	at Age Qualifying Types - Create.run(Age Qualifying Types - Create:52)
	at com.kms.katalon.core.main.ScriptEngine.run(ScriptEngine.java:194)
	at com.kms.katalon.core.main.ScriptEngine.runScriptAsRawText(ScriptEngine.java:119)
	at com.kms.katalon.core.main.TestCaseExecutor.runScript(TestCaseExecutor.java:445)
	at com.kms.katalon.core.main.TestCaseExecutor.doExecute(TestCaseExecutor.java:436)
	at com.kms.katalon.core.main.TestCaseExecutor.processExecutionPhase(TestCaseExecutor.java:415)
	at com.kms.katalon.core.main.TestCaseExecutor.accessMainPhase(TestCaseExecutor.java:407)
	at com.kms.katalon.core.main.TestCaseExecutor.execute(TestCaseExecutor.java:284)
	at com.kms.katalon.core.common.CommonExecutor.accessTestCaseMainPhase(CommonExecutor.java:65)
	at com.kms.katalon.core.main.TestSuiteExecutor.accessTestSuiteMainPhase(TestSuiteExecutor.java:144)
	at com.kms.katalon.core.main.TestSuiteExecutor.execute(TestSuiteExecutor.java:106)
	at com.kms.katalon.core.main.TestCaseMain.startTestSuite(TestCaseMain.java:185)
	at com.kms.katalon.core.main.TestCaseMain$startTestSuite$0.call(Unknown Source)
	at TempTestSuite1673457456369.run(TempTestSuite1673457456369.groovy:36)
)
[[ATTACHMENT|D:\\_Bayu Buana\\BB_Automation\\bb-internal_katalon\\Reports\\20230112_001736\\RUN\\20230112_001736\\1673457530010.png]]

2023-01-12 00:18:50 - [MESSAGE][FAILED] - Verify element text of test object 'Object Repository/Age QT/Create/Page_Bayu Buana - Age Qualifying Types/td_Active' FAILED. (Root cause: com.kms.katalon.core.exception.StepFailedException: Verify element text of test object 'Object Repository/Age QT/Create/Page_Bayu Buana - Age Qualifying Types/td_Active' FAILED.
	at com.kms.katalon.core.webui.keyword.internal.WebUIKeywordMain.stepFailed(WebUIKeywordMain.groovy:64)
	at com.kms.katalon.core.webui.keyword.internal.WebUIKeywordMain.runKeyword(WebUIKeywordMain.groovy:26)
	at com.kms.katalon.core.webui.keyword.builtin.VerifyElementTextKeyword.verifyElementText(VerifyElementTextKeyword.groovy:72)
	at com.kms.katalon.core.webui.keyword.builtin.VerifyElementTextKeyword.execute(VerifyElementTextKeyword.groovy:40)
	at com.kms.katalon.core.keyword.internal.KeywordExecutor.executeKeywordForPlatform(KeywordExecutor.groovy:74)
	at com.kms.katalon.core.webui.keyword.WebUiBuiltInKeywords.verifyElementText(WebUiBuiltInKeywords.groovy:4749)
	at com.kms.katalon.core.webui.keyword.WebUiBuiltInKeywords$verifyElementText$6.call(Unknown Source)
	at Age Qualifying Types - Create.run(Age Qualifying Types - Create:52)
	at com.kms.katalon.core.main.ScriptEngine.run(ScriptEngine.java:194)
	at com.kms.katalon.core.main.ScriptEngine.runScriptAsRawText(ScriptEngine.java:119)
	at com.kms.katalon.core.main.TestCaseExecutor.runScript(TestCaseExecutor.java:445)
	at com.kms.katalon.core.main.TestCaseExecutor.doExecute(TestCaseExecutor.java:436)
	at com.kms.katalon.core.main.TestCaseExecutor.processExecutionPhase(TestCaseExecutor.java:415)
	at com.kms.katalon.core.main.TestCaseExecutor.accessMainPhase(TestCaseExecutor.java:407)
	at com.kms.katalon.core.main.TestCaseExecutor.execute(TestCaseExecutor.java:284)
	at com.kms.katalon.core.common.CommonExecutor.accessTestCaseMainPhase(CommonExecutor.java:65)
	at com.kms.katalon.core.main.TestSuiteExecutor.accessTestSuiteMainPhase(TestSuiteExecutor.java:144)
	at com.kms.katalon.core.main.TestSuiteExecutor.execute(TestSuiteExecutor.java:106)
	at com.kms.katalon.core.main.TestCaseMain.startTestSuite(TestCaseMain.java:185)
	at com.kms.katalon.core.main.TestCaseMain$startTestSuite$0.call(Unknown Source)
	at TempTestSuite1673457456369.run(TempTestSuite1673457456369.groovy:36)
Caused by: com.kms.katalon.core.exception.StepFailedException: Actual text '' and expected text 'Active' of test object 'Object Repository/Age QT/Create/Page_Bayu Buana - Age Qualifying Types/td_Active' are NOT matched.
	at com.kms.katalon.core.webui.keyword.internal.WebUIKeywordMain.stepFailed(WebUIKeywordMain.groovy:64)
	at com.kms.katalon.core.webui.keyword.builtin.VerifyElementTextKeyword$_verifyElementText_closure1.doCall(VerifyElementTextKeyword.groovy:57)
	at com.kms.katalon.core.webui.keyword.builtin.VerifyElementTextKeyword$_verifyElementText_closure1.call(VerifyElementTextKeyword.groovy)
	at com.kms.katalon.core.webui.keyword.internal.WebUIKeywordMain.runKeyword(WebUIKeywordMain.groovy:20)
	... 19 more
)
[[ATTACHMENT|D:\\_Bayu Buana\\BB_Automation\\bb-internal_katalon\\Reports\\20230112_001736\\RUN\\20230112_001736\\1673457530290.png]]]]></system-out>
         <system-err><![CDATA[2023-01-12 00:17:48 - [TEST_CASE][FAILED] - Test Cases/COBA/Age Qualifying Types - Create: Test Cases/COBA/Age Qualifying Types - Create FAILED.
Reason:
com.kms.katalon.core.exception.StepFailedException: Verify element text of test object 'Object Repository/Age QT/Create/Page_Bayu Buana - Age Qualifying Types/td_Active' FAILED.
	at com.kms.katalon.core.webui.keyword.internal.WebUIKeywordMain.stepFailed(WebUIKeywordMain.groovy:64)
	at com.kms.katalon.core.webui.keyword.internal.WebUIKeywordMain.runKeyword(WebUIKeywordMain.groovy:26)
	at com.kms.katalon.core.webui.keyword.builtin.VerifyElementTextKeyword.verifyElementText(VerifyElementTextKeyword.groovy:72)
	at com.kms.katalon.core.webui.keyword.builtin.VerifyElementTextKeyword.execute(VerifyElementTextKeyword.groovy:40)
	at com.kms.katalon.core.keyword.internal.KeywordExecutor.executeKeywordForPlatform(KeywordExecutor.groovy:74)
	at com.kms.katalon.core.webui.keyword.WebUiBuiltInKeywords.verifyElementText(WebUiBuiltInKeywords.groovy:4749)
	at com.kms.katalon.core.webui.keyword.WebUiBuiltInKeywords$verifyElementText$6.call(Unknown Source)
	at Age Qualifying Types - Create.run(Age Qualifying Types - Create:52)
	at com.kms.katalon.core.main.ScriptEngine.run(ScriptEngine.java:194)
	at com.kms.katalon.core.main.ScriptEngine.runScriptAsRawText(ScriptEngine.java:119)
	at com.kms.katalon.core.main.TestCaseExecutor.runScript(TestCaseExecutor.java:445)
	at com.kms.katalon.core.main.TestCaseExecutor.doExecute(TestCaseExecutor.java:436)
	at com.kms.katalon.core.main.TestCaseExecutor.processExecutionPhase(TestCaseExecutor.java:415)
	at com.kms.katalon.core.main.TestCaseExecutor.accessMainPhase(TestCaseExecutor.java:407)
	at com.kms.katalon.core.main.TestCaseExecutor.execute(TestCaseExecutor.java:284)
	at com.kms.katalon.core.common.CommonExecutor.accessTestCaseMainPhase(CommonExecutor.java:65)
	at com.kms.katalon.core.main.TestSuiteExecutor.accessTestSuiteMainPhase(TestSuiteExecutor.java:144)
	at com.kms.katalon.core.main.TestSuiteExecutor.execute(TestSuiteExecutor.java:106)
	at com.kms.katalon.core.main.TestCaseMain.startTestSuite(TestCaseMain.java:185)
	at com.kms.katalon.core.main.TestCaseMain$startTestSuite$0.call(Unknown Source)
	at TempTestSuite1673457456369.run(TempTestSuite1673457456369.groovy:36)
Caused by: com.kms.katalon.core.exception.StepFailedException: Actual text '' and expected text 'Active' of test object 'Object Repository/Age QT/Create/Page_Bayu Buana - Age Qualifying Types/td_Active' are NOT matched.
	at com.kms.katalon.core.webui.keyword.internal.WebUIKeywordMain.stepFailed(WebUIKeywordMain.groovy:64)
	at com.kms.katalon.core.webui.keyword.builtin.VerifyElementTextKeyword$_verifyElementText_closure1.doCall(VerifyElementTextKeyword.groovy:57)
	at com.kms.katalon.core.webui.keyword.builtin.VerifyElementTextKeyword$_verifyElementText_closure1.call(VerifyElementTextKeyword.groovy)
	at com.kms.katalon.core.webui.keyword.internal.WebUIKeywordMain.runKeyword(WebUIKeywordMain.groovy:20)
	... 19 more]]></system-err>
      </testcase>
      <testcase name="Test Cases/COBA/Age Qualifying Types - Delete" time="21.891" classname="Test Cases/COBA/Age Qualifying Types - Delete" status="FAILED">
         <failure type="FAILED" message="Test Cases/COBA/Age Qualifying Types - Delete FAILED.
Reason:
com.kms.katalon.core.exception.StepFailedException: Cannot take screenshot
	at com.kms.katalon.core.webui.keyword.internal.WebUIKeywordMain.stepFailed(WebUIKeywordMain.groovy:64)
	at com.kms.katalon.core.webui.keyword.internal.WebUIKeywordMain.runKeyword(WebUIKeywordMain.groovy:26)
	at com.kms.katalon.core.webui.keyword.builtin.TakeScreenshotKeyword.takeScreenshot(TakeScreenshotKeyword.groovy:126)
	at com.kms.katalon.core.webui.keyword.builtin.TakeScreenshotKeyword.execute(TakeScreenshotKeyword.groovy:84)
	at com.kms.katalon.core.keyword.internal.KeywordExecutor.executeKeywordForPlatform(KeywordExecutor.groovy:74)
	at com.kms.katalon.core.webui.keyword.WebUiBuiltInKeywords.takeScreenshot(WebUiBuiltInKeywords.groovy:2940)
	at com.kms.katalon.core.webui.keyword.WebUiBuiltInKeywords$takeScreenshot$8.call(Unknown Source)
	at Age Qualifying Types - Delete.run(Age Qualifying Types - Delete:68)
	at com.kms.katalon.core.main.ScriptEngine.run(ScriptEngine.java:194)
	at com.kms.katalon.core.main.ScriptEngine.runScriptAsRawText(ScriptEngine.java:119)
	at com.kms.katalon.core.main.TestCaseExecutor.runScript(TestCaseExecutor.java:445)
	at com.kms.katalon.core.main.TestCaseExecutor.doExecute(TestCaseExecutor.java:436)
	at com.kms.katalon.core.main.TestCaseExecutor.processExecutionPhase(TestCaseExecutor.java:415)
	at com.kms.katalon.core.main.TestCaseExecutor.accessMainPhase(TestCaseExecutor.java:407)
	at com.kms.katalon.core.main.TestCaseExecutor.execute(TestCaseExecutor.java:284)
	at com.kms.katalon.core.common.CommonExecutor.accessTestCaseMainPhase(CommonExecutor.java:65)
	at com.kms.katalon.core.main.TestSuiteExecutor.accessTestSuiteMainPhase(TestSuiteExecutor.java:144)
	at com.kms.katalon.core.main.TestSuiteExecutor.execute(TestSuiteExecutor.java:106)
	at com.kms.katalon.core.main.TestCaseMain.startTestSuite(TestCaseMain.java:185)
	at com.kms.katalon.core.main.TestCaseMain$startTestSuite$0.call(Unknown Source)
	at TempTestSuite1673457456369.run(TempTestSuite1673457456369.groovy:36)
Caused by: java.io.FileNotFoundException:  (Result too large)
	at org.apache.commons.io.FileUtils.doCopyFile(FileUtils.java:1123)
	at org.apache.commons.io.FileUtils.copyFile(FileUtils.java:1076)
	at com.kms.katalon.core.webui.util.FileUtil.takeDefaultScreenshot(FileUtil.java:333)
	at com.kms.katalon.core.webui.util.FileUtil.takesScreenshot(FileUtil.java:58)
	at com.kms.katalon.core.webui.keyword.builtin.TakeScreenshotKeyword$_takeScreenshot_closure1.doCall(TakeScreenshotKeyword.groovy:127)
	at com.kms.katalon.core.webui.keyword.builtin.TakeScreenshotKeyword$_takeScreenshot_closure1.call(TakeScreenshotKeyword.groovy)
	at com.kms.katalon.core.webui.keyword.internal.WebUIKeywordMain.runKeyword(WebUIKeywordMain.groovy:20)
	... 19 more
"/>
         <system-out><![CDATA[2023-01-12 00:18:50 - [TEST_CASE][FAILED] - Test Cases/COBA/Age Qualifying Types - Delete: Test Cases/COBA/Age Qualifying Types - Delete FAILED.
Reason:
com.kms.katalon.core.exception.StepFailedException: Cannot take screenshot
	at com.kms.katalon.core.webui.keyword.internal.WebUIKeywordMain.stepFailed(WebUIKeywordMain.groovy:64)
	at com.kms.katalon.core.webui.keyword.internal.WebUIKeywordMain.runKeyword(WebUIKeywordMain.groovy:26)
	at com.kms.katalon.core.webui.keyword.builtin.TakeScreenshotKeyword.takeScreenshot(TakeScreenshotKeyword.groovy:126)
	at com.kms.katalon.core.webui.keyword.builtin.TakeScreenshotKeyword.execute(TakeScreenshotKeyword.groovy:84)
	at com.kms.katalon.core.keyword.internal.KeywordExecutor.executeKeywordForPlatform(KeywordExecutor.groovy:74)
	at com.kms.katalon.core.webui.keyword.WebUiBuiltInKeywords.takeScreenshot(WebUiBuiltInKeywords.groovy:2940)
	at com.kms.katalon.core.webui.keyword.WebUiBuiltInKeywords$takeScreenshot$8.call(Unknown Source)
	at Age Qualifying Types - Delete.run(Age Qualifying Types - Delete:68)
	at com.kms.katalon.core.main.ScriptEngine.run(ScriptEngine.java:194)
	at com.kms.katalon.core.main.ScriptEngine.runScriptAsRawText(ScriptEngine.java:119)
	at com.kms.katalon.core.main.TestCaseExecutor.runScript(TestCaseExecutor.java:445)
	at com.kms.katalon.core.main.TestCaseExecutor.doExecute(TestCaseExecutor.java:436)
	at com.kms.katalon.core.main.TestCaseExecutor.processExecutionPhase(TestCaseExecutor.java:415)
	at com.kms.katalon.core.main.TestCaseExecutor.accessMainPhase(TestCaseExecutor.java:407)
	at com.kms.katalon.core.main.TestCaseExecutor.execute(TestCaseExecutor.java:284)
	at com.kms.katalon.core.common.CommonExecutor.accessTestCaseMainPhase(CommonExecutor.java:65)
	at com.kms.katalon.core.main.TestSuiteExecutor.accessTestSuiteMainPhase(TestSuiteExecutor.java:144)
	at com.kms.katalon.core.main.TestSuiteExecutor.execute(TestSuiteExecutor.java:106)
	at com.kms.katalon.core.main.TestCaseMain.startTestSuite(TestCaseMain.java:185)
	at com.kms.katalon.core.main.TestCaseMain$startTestSuite$0.call(Unknown Source)
	at TempTestSuite1673457456369.run(TempTestSuite1673457456369.groovy:36)
Caused by: java.io.FileNotFoundException:  (Result too large)
	at org.apache.commons.io.FileUtils.doCopyFile(FileUtils.java:1123)
	at org.apache.commons.io.FileUtils.copyFile(FileUtils.java:1076)
	at com.kms.katalon.core.webui.util.FileUtil.takeDefaultScreenshot(FileUtil.java:333)
	at com.kms.katalon.core.webui.util.FileUtil.takesScreenshot(FileUtil.java:58)
	at com.kms.katalon.core.webui.keyword.builtin.TakeScreenshotKeyword$_takeScreenshot_closure1.doCall(TakeScreenshotKeyword.groovy:127)
	at com.kms.katalon.core.webui.keyword.builtin.TakeScreenshotKeyword$_takeScreenshot_closure1.call(TakeScreenshotKeyword.groovy)
	at com.kms.katalon.core.webui.keyword.internal.WebUIKeywordMain.runKeyword(WebUIKeywordMain.groovy:20)
	... 19 more


2023-01-12 00:18:50 - [TEST_STEP][PASSED] - callTestCase(findTestCase("COBA/Login"), [:], STOP_ON_FAILURE): Call Test Case 'Test Cases/COBA/Login' successfully

2023-01-12 00:18:50 - [TEST_CASE][PASSED] - Test Cases/COBA/Login: Test Cases/COBA/Login

2023-01-12 00:18:50 - [TEST_STEP][PASSED] - openBrowser(""): Browser is opened with url: ''

2023-01-12 00:18:51 - [MESSAGE][WARNING] - A browser is already opened. Closing browser and opening a new one

2023-01-12 00:18:51 - [MESSAGE][INFO] - Starting 'Chrome' driver

2023-01-12 00:18:51 - [MESSAGE][INFO] - Action delay is set to 0 milliseconds

2023-01-12 00:18:53 - [MESSAGE][PASSED] - Browser is opened with url: ''

2023-01-12 00:18:53 - [TEST_STEP][PASSED] - navigateToUrl("https://bbstg.monstercode.net/auth/login"): Navigate to 'https://bbstg.monstercode.net/auth/login' successfully

2023-01-12 00:18:57 - [MESSAGE][PASSED] - Navigate to 'https://bbstg.monstercode.net/auth/login' successfully

2023-01-12 00:18:57 - [TEST_STEP][PASSED] - setText(findTestObject("Object Repository/Page_Bayu Buana/input_Email_username"), "admin@mail.com"): Text 'admin@mail.com' is set on object 'Object Repository/Page_Bayu Buana/input_Email_username'

2023-01-12 00:18:58 - [MESSAGE][PASSED] - Text 'admin@mail.com' is set on object 'Object Repository/Page_Bayu Buana/input_Email_username'

2023-01-12 00:18:58 - [TEST_STEP][PASSED] - setEncryptedText(findTestObject("Object Repository/Page_Bayu Buana/input_Password_password"), "8SQVv/p9jVScEs4/2CZsLw=="): Text ****** has been set on object 'Object Repository/Page_Bayu Buana/input_Password_password'

2023-01-12 00:18:59 - [MESSAGE][PASSED] - Text ****** has been set on object 'Object Repository/Page_Bayu Buana/input_Password_password'

2023-01-12 00:18:59 - [TEST_STEP][PASSED] - sendKeys(findTestObject("Object Repository/Page_Bayu Buana/input_Password_password"), Keys.chord(ENTER)): Keys 'ENTER + ' sent to object: 'Object Repository/Page_Bayu Buana/input_Password_password'

2023-01-12 00:19:00 - [MESSAGE][PASSED] - Keys 'ENTER + ' sent to object: 'Object Repository/Page_Bayu Buana/input_Password_password'

2023-01-12 00:19:00 - [MESSAGE][PASSED] - Call Test Case 'Test Cases/COBA/Login' successfully

2023-01-12 00:19:00 - [TEST_STEP][PASSED] - click(findTestObject("Page_Bayu Buana - Master Data Management/p_Master Data Management")): Object: 'Object Repository/Page_Bayu Buana - Master Data Management/p_Master Data Management' is clicked on

2023-01-12 00:19:02 - [MESSAGE][PASSED] - Object: 'Object Repository/Page_Bayu Buana - Master Data Management/p_Master Data Management' is clicked on

2023-01-12 00:19:02 - [TEST_STEP][PASSED] - click(findTestObject("Page_Bayu Buana - Master Data Management/p_Age Qualifying Type")): Object: 'Object Repository/Page_Bayu Buana - Master Data Management/p_Age Qualifying Type' is clicked on

2023-01-12 00:19:02 - [MESSAGE][PASSED] - Object: 'Object Repository/Page_Bayu Buana - Master Data Management/p_Age Qualifying Type' is clicked on

2023-01-12 00:19:02 - [TEST_STEP][PASSED] - setText(findTestObject("Object Repository/Age QT/Delete/Page_Bayu Buana - Age Qualifying Types/input_Age Qualifying Types_form-control"), "Age Qualifying Type Name (Automation)"): Text 'Age Qualifying Type Name (Automation)' is set on object 'Object Repository/Age QT/Delete/Page_Bayu Buana - Age Qualifying Types/input_Age Qualifying Types_form-control'

2023-01-12 00:19:04 - [MESSAGE][PASSED] - Text 'Age Qualifying Type Name (Automation)' is set on object 'Object Repository/Age QT/Delete/Page_Bayu Buana - Age Qualifying Types/input_Age Qualifying Types_form-control'

2023-01-12 00:19:04 - [TEST_STEP][PASSED] - verifyElementPresent(findTestObject("Object Repository/Age QT/Delete/Page_Bayu Buana - Age Qualifying Types/path_Actions_svg_2"), 0): Object 'Object Repository/Age QT/Delete/Page_Bayu Buana - Age Qualifying Types/path_Actions_svg_2' is present

2023-01-12 00:19:04 - [MESSAGE][WARNING] - Timeout '0' is invalid. Using default page load timeout: '30'

2023-01-12 00:19:04 - [MESSAGE][PASSED] - Object 'Object Repository/Age QT/Delete/Page_Bayu Buana - Age Qualifying Types/path_Actions_svg_2' is present

2023-01-12 00:19:04 - [TEST_STEP][PASSED] - verifyElementPresent(findTestObject("Object Repository/Age QT/Delete/Page_Bayu Buana - Age Qualifying Types/input_Actions_float-left select-checkbox-it_8952ca"), 0): Object 'Object Repository/Age QT/Delete/Page_Bayu Buana - Age Qualifying Types/input_Actions_float-left select-checkbox-it_8952ca' is present

2023-01-12 00:19:04 - [MESSAGE][WARNING] - Timeout '0' is invalid. Using default page load timeout: '30'

2023-01-12 00:19:04 - [MESSAGE][PASSED] - Object 'Object Repository/Age QT/Delete/Page_Bayu Buana - Age Qualifying Types/input_Actions_float-left select-checkbox-it_8952ca' is present

2023-01-12 00:19:04 - [TEST_STEP][PASSED] - verifyElementPresent(findTestObject("Object Repository/Age QT/Delete/Page_Bayu Buana - Age Qualifying Types/td_321"), 0): Object 'Object Repository/Age QT/Delete/Page_Bayu Buana - Age Qualifying Types/td_321' is present

2023-01-12 00:19:05 - [MESSAGE][WARNING] - Timeout '0' is invalid. Using default page load timeout: '30'

2023-01-12 00:19:05 - [MESSAGE][PASSED] - Object 'Object Repository/Age QT/Delete/Page_Bayu Buana - Age Qualifying Types/td_321' is present

2023-01-12 00:19:05 - [TEST_STEP][PASSED] - verifyElementPresent(findTestObject("Object Repository/Age QT/Delete/Page_Bayu Buana - Age Qualifying Types/td_Age Qualifying Type Name (Automation)"), 0): Object 'Object Repository/Age QT/Delete/Page_Bayu Buana - Age Qualifying Types/td_Age Qualifying Type Name (Automation)' is present

2023-01-12 00:19:05 - [MESSAGE][WARNING] - Timeout '0' is invalid. Using default page load timeout: '30'

2023-01-12 00:19:05 - [MESSAGE][PASSED] - Object 'Object Repository/Age QT/Delete/Page_Bayu Buana - Age Qualifying Types/td_Age Qualifying Type Name (Automation)' is present

2023-01-12 00:19:05 - [TEST_STEP][PASSED] - verifyElementPresent(findTestObject("Object Repository/Age QT/Delete/Page_Bayu Buana - Age Qualifying Types/td_Active"), 0): Object 'Object Repository/Age QT/Delete/Page_Bayu Buana - Age Qualifying Types/td_Active' is present

2023-01-12 00:19:06 - [MESSAGE][WARNING] - Timeout '0' is invalid. Using default page load timeout: '30'

2023-01-12 00:19:06 - [MESSAGE][PASSED] - Object 'Object Repository/Age QT/Delete/Page_Bayu Buana - Age Qualifying Types/td_Active' is present

2023-01-12 00:19:06 - [TEST_STEP][PASSED] - verifyElementClickable(findTestObject("Object Repository/Age QT/Delete/Page_Bayu Buana - Age Qualifying Types/img")): Object 'Object Repository/Age QT/Delete/Page_Bayu Buana - Age Qualifying Types/img' is clickable

2023-01-12 00:19:06 - [MESSAGE][PASSED] - Object 'Object Repository/Age QT/Delete/Page_Bayu Buana - Age Qualifying Types/img' is clickable

2023-01-12 00:19:06 - [TEST_STEP][PASSED] - verifyElementClickable(findTestObject("Object Repository/Age QT/Delete/Page_Bayu Buana - Age Qualifying Types/img_1")): Object 'Object Repository/Age QT/Delete/Page_Bayu Buana - Age Qualifying Types/img_1' is clickable

2023-01-12 00:19:07 - [MESSAGE][PASSED] - Object 'Object Repository/Age QT/Delete/Page_Bayu Buana - Age Qualifying Types/img_1' is clickable

2023-01-12 00:19:07 - [TEST_STEP][PASSED] - click(findTestObject("Object Repository/Age QT/Delete/Page_Bayu Buana - Age Qualifying Types/img_1_2")): Object: 'Object Repository/Age QT/Delete/Page_Bayu Buana - Age Qualifying Types/img_1_2' is clicked on

2023-01-12 00:19:08 - [MESSAGE][PASSED] - Object: 'Object Repository/Age QT/Delete/Page_Bayu Buana - Age Qualifying Types/img_1_2' is clicked on

2023-01-12 00:19:08 - [TEST_STEP][PASSED] - verifyElementText(findTestObject("Object Repository/Age QT/Delete/Page_Bayu Buana - Age Qualifying Types/div_Delete Age Qualifying Type"), "Delete Age Qualifying Type"): Actual text and expected text of test object 'Object Repository/Age QT/Delete/Page_Bayu Buana - Age Qualifying Types/div_Delete Age Qualifying Type' are matched.

2023-01-12 00:19:08 - [MESSAGE][PASSED] - Actual text and expected text of test object 'Object Repository/Age QT/Delete/Page_Bayu Buana - Age Qualifying Types/div_Delete Age Qualifying Type' are matched.

2023-01-12 00:19:08 - [TEST_STEP][PASSED] - verifyElementPresent(findTestObject("Object Repository/Age QT/Delete/Page_Bayu Buana - Age Qualifying Types/div_Are you sure you want to delete thisAge_c332eb"), 0): Object 'Object Repository/Age QT/Delete/Page_Bayu Buana - Age Qualifying Types/div_Are you sure you want to delete thisAge_c332eb' is present

2023-01-12 00:19:08 - [MESSAGE][WARNING] - Timeout '0' is invalid. Using default page load timeout: '30'

2023-01-12 00:19:09 - [MESSAGE][PASSED] - Object 'Object Repository/Age QT/Delete/Page_Bayu Buana - Age Qualifying Types/div_Are you sure you want to delete thisAge_c332eb' is present

2023-01-12 00:19:09 - [TEST_STEP][PASSED] - verifyElementClickable(findTestObject("Object Repository/Age QT/Delete/Page_Bayu Buana - Age Qualifying Types/button_Delete")): Object 'Object Repository/Age QT/Delete/Page_Bayu Buana - Age Qualifying Types/button_Delete' is clickable

2023-01-12 00:19:09 - [MESSAGE][PASSED] - Object 'Object Repository/Age QT/Delete/Page_Bayu Buana - Age Qualifying Types/button_Delete' is clickable

2023-01-12 00:19:09 - [TEST_STEP][PASSED] - verifyElementClickable(findTestObject("Object Repository/Age QT/Delete/Page_Bayu Buana - Age Qualifying Types/button_Cancel")): Object 'Object Repository/Age QT/Delete/Page_Bayu Buana - Age Qualifying Types/button_Cancel' is clickable

2023-01-12 00:19:10 - [MESSAGE][PASSED] - Object 'Object Repository/Age QT/Delete/Page_Bayu Buana - Age Qualifying Types/button_Cancel' is clickable

2023-01-12 00:19:10 - [TEST_STEP][PASSED] - click(findTestObject("Object Repository/Age QT/Delete/Page_Bayu Buana - Age Qualifying Types/button_Delete")): Object: 'Object Repository/Age QT/Delete/Page_Bayu Buana - Age Qualifying Types/button_Delete' is clicked on

2023-01-12 00:19:10 - [MESSAGE][PASSED] - Object: 'Object Repository/Age QT/Delete/Page_Bayu Buana - Age Qualifying Types/button_Delete' is clicked on

2023-01-12 00:19:10 - [TEST_STEP][PASSED] - verifyElementPresent(findTestObject("Object Repository/Age QT/Delete/Page_Bayu Buana - Age Qualifying Types/div_Record Age Qualifying Type Code 321 Age_41ef1f"), 0): Object 'Object Repository/Age QT/Delete/Page_Bayu Buana - Age Qualifying Types/div_Record Age Qualifying Type Code 321 Age_41ef1f' is present

2023-01-12 00:19:10 - [MESSAGE][WARNING] - Timeout '0' is invalid. Using default page load timeout: '30'

2023-01-12 00:19:11 - [MESSAGE][PASSED] - Object 'Object Repository/Age QT/Delete/Page_Bayu Buana - Age Qualifying Types/div_Record Age Qualifying Type Code 321 Age_41ef1f' is present

2023-01-12 00:19:11 - [TEST_STEP][PASSED] - verifyElementText(findTestObject("Object Repository/Age QT/Delete/Page_Bayu Buana - Age Qualifying Types/td_No age qualifying types found"), "No age qualifying types found"): Actual text and expected text of test object 'Object Repository/Age QT/Delete/Page_Bayu Buana - Age Qualifying Types/td_No age qualifying types found' are matched.

2023-01-12 00:19:11 - [MESSAGE][PASSED] - Actual text and expected text of test object 'Object Repository/Age QT/Delete/Page_Bayu Buana - Age Qualifying Types/td_No age qualifying types found' are matched.

2023-01-12 00:19:11 - [TEST_STEP][FAILED] - takeScreenshot("", STOP_ON_FAILURE): Cannot take screenshot (Root cause: com.kms.katalon.core.exception.StepFailedException: Cannot take screenshot
	at com.kms.katalon.core.webui.keyword.internal.WebUIKeywordMain.stepFailed(WebUIKeywordMain.groovy:64)
	at com.kms.katalon.core.webui.keyword.internal.WebUIKeywordMain.runKeyword(WebUIKeywordMain.groovy:26)
	at com.kms.katalon.core.webui.keyword.builtin.TakeScreenshotKeyword.takeScreenshot(TakeScreenshotKeyword.groovy:126)
	at com.kms.katalon.core.webui.keyword.builtin.TakeScreenshotKeyword.execute(TakeScreenshotKeyword.groovy:84)
	at com.kms.katalon.core.keyword.internal.KeywordExecutor.executeKeywordForPlatform(KeywordExecutor.groovy:74)
	at com.kms.katalon.core.webui.keyword.WebUiBuiltInKeywords.takeScreenshot(WebUiBuiltInKeywords.groovy:2940)
	at com.kms.katalon.core.webui.keyword.WebUiBuiltInKeywords$takeScreenshot$8.call(Unknown Source)
	at Age Qualifying Types - Delete.run(Age Qualifying Types - Delete:68)
	at com.kms.katalon.core.main.ScriptEngine.run(ScriptEngine.java:194)
	at com.kms.katalon.core.main.ScriptEngine.runScriptAsRawText(ScriptEngine.java:119)
	at com.kms.katalon.core.main.TestCaseExecutor.runScript(TestCaseExecutor.java:445)
	at com.kms.katalon.core.main.TestCaseExecutor.doExecute(TestCaseExecutor.java:436)
	at com.kms.katalon.core.main.TestCaseExecutor.processExecutionPhase(TestCaseExecutor.java:415)
	at com.kms.katalon.core.main.TestCaseExecutor.accessMainPhase(TestCaseExecutor.java:407)
	at com.kms.katalon.core.main.TestCaseExecutor.execute(TestCaseExecutor.java:284)
	at com.kms.katalon.core.common.CommonExecutor.accessTestCaseMainPhase(CommonExecutor.java:65)
	at com.kms.katalon.core.main.TestSuiteExecutor.accessTestSuiteMainPhase(TestSuiteExecutor.java:144)
	at com.kms.katalon.core.main.TestSuiteExecutor.execute(TestSuiteExecutor.java:106)
	at com.kms.katalon.core.main.TestCaseMain.startTestSuite(TestCaseMain.java:185)
	at com.kms.katalon.core.main.TestCaseMain$startTestSuite$0.call(Unknown Source)
	at TempTestSuite1673457456369.run(TempTestSuite1673457456369.groovy:36)
Caused by: java.io.FileNotFoundException:  (Result too large)
	at org.apache.commons.io.FileUtils.doCopyFile(FileUtils.java:1123)
	at org.apache.commons.io.FileUtils.copyFile(FileUtils.java:1076)
	at com.kms.katalon.core.webui.util.FileUtil.takeDefaultScreenshot(FileUtil.java:333)
	at com.kms.katalon.core.webui.util.FileUtil.takesScreenshot(FileUtil.java:58)
	at com.kms.katalon.core.webui.keyword.builtin.TakeScreenshotKeyword$_takeScreenshot_closure1.doCall(TakeScreenshotKeyword.groovy:127)
	at com.kms.katalon.core.webui.keyword.builtin.TakeScreenshotKeyword$_takeScreenshot_closure1.call(TakeScreenshotKeyword.groovy)
	at com.kms.katalon.core.webui.keyword.internal.WebUIKeywordMain.runKeyword(WebUIKeywordMain.groovy:20)
	at com.kms.katalon.core.webui.keyword.builtin.TakeScreenshotKeyword.takeScreenshot(TakeScreenshotKeyword.groovy:126)
	at com.kms.katalon.core.webui.keyword.builtin.TakeScreenshotKeyword.execute(TakeScreenshotKeyword.groovy:84)
	at com.kms.katalon.core.keyword.internal.KeywordExecutor.executeKeywordForPlatform(KeywordExecutor.groovy:74)
	at com.kms.katalon.core.webui.keyword.WebUiBuiltInKeywords.takeScreenshot(WebUiBuiltInKeywords.groovy:2940)
	at com.kms.katalon.core.webui.keyword.WebUiBuiltInKeywords$takeScreenshot$8.call(Unknown Source)
	at Script1673454835794.run(Script1673454835794.groovy:68)
	... 13 more
)

2023-01-12 00:19:12 - [MESSAGE][FAILED] - Cannot take screenshot (Root cause: com.kms.katalon.core.exception.StepFailedException: Cannot take screenshot
	at com.kms.katalon.core.webui.keyword.internal.WebUIKeywordMain.stepFailed(WebUIKeywordMain.groovy:64)
	at com.kms.katalon.core.webui.keyword.internal.WebUIKeywordMain.runKeyword(WebUIKeywordMain.groovy:26)
	at com.kms.katalon.core.webui.keyword.builtin.TakeScreenshotKeyword.takeScreenshot(TakeScreenshotKeyword.groovy:126)
	at com.kms.katalon.core.webui.keyword.builtin.TakeScreenshotKeyword.execute(TakeScreenshotKeyword.groovy:84)
	at com.kms.katalon.core.keyword.internal.KeywordExecutor.executeKeywordForPlatform(KeywordExecutor.groovy:74)
	at com.kms.katalon.core.webui.keyword.WebUiBuiltInKeywords.takeScreenshot(WebUiBuiltInKeywords.groovy:2940)
	at com.kms.katalon.core.webui.keyword.WebUiBuiltInKeywords$takeScreenshot$8.call(Unknown Source)
	at Age Qualifying Types - Delete.run(Age Qualifying Types - Delete:68)
	at com.kms.katalon.core.main.ScriptEngine.run(ScriptEngine.java:194)
	at com.kms.katalon.core.main.ScriptEngine.runScriptAsRawText(ScriptEngine.java:119)
	at com.kms.katalon.core.main.TestCaseExecutor.runScript(TestCaseExecutor.java:445)
	at com.kms.katalon.core.main.TestCaseExecutor.doExecute(TestCaseExecutor.java:436)
	at com.kms.katalon.core.main.TestCaseExecutor.processExecutionPhase(TestCaseExecutor.java:415)
	at com.kms.katalon.core.main.TestCaseExecutor.accessMainPhase(TestCaseExecutor.java:407)
	at com.kms.katalon.core.main.TestCaseExecutor.execute(TestCaseExecutor.java:284)
	at com.kms.katalon.core.common.CommonExecutor.accessTestCaseMainPhase(CommonExecutor.java:65)
	at com.kms.katalon.core.main.TestSuiteExecutor.accessTestSuiteMainPhase(TestSuiteExecutor.java:144)
	at com.kms.katalon.core.main.TestSuiteExecutor.execute(TestSuiteExecutor.java:106)
	at com.kms.katalon.core.main.TestCaseMain.startTestSuite(TestCaseMain.java:185)
	at com.kms.katalon.core.main.TestCaseMain$startTestSuite$0.call(Unknown Source)
	at TempTestSuite1673457456369.run(TempTestSuite1673457456369.groovy:36)
Caused by: java.io.FileNotFoundException:  (Result too large)
	at org.apache.commons.io.FileUtils.doCopyFile(FileUtils.java:1123)
	at org.apache.commons.io.FileUtils.copyFile(FileUtils.java:1076)
	at com.kms.katalon.core.webui.util.FileUtil.takeDefaultScreenshot(FileUtil.java:333)
	at com.kms.katalon.core.webui.util.FileUtil.takesScreenshot(FileUtil.java:58)
	at com.kms.katalon.core.webui.keyword.builtin.TakeScreenshotKeyword$_takeScreenshot_closure1.doCall(TakeScreenshotKeyword.groovy:127)
	at com.kms.katalon.core.webui.keyword.builtin.TakeScreenshotKeyword$_takeScreenshot_closure1.call(TakeScreenshotKeyword.groovy)
	at com.kms.katalon.core.webui.keyword.internal.WebUIKeywordMain.runKeyword(WebUIKeywordMain.groovy:20)
	at com.kms.katalon.core.webui.keyword.builtin.TakeScreenshotKeyword.takeScreenshot(TakeScreenshotKeyword.groovy:126)
	at com.kms.katalon.core.webui.keyword.builtin.TakeScreenshotKeyword.execute(TakeScreenshotKeyword.groovy:84)
	at com.kms.katalon.core.keyword.internal.KeywordExecutor.executeKeywordForPlatform(KeywordExecutor.groovy:74)
	at com.kms.katalon.core.webui.keyword.WebUiBuiltInKeywords.takeScreenshot(WebUiBuiltInKeywords.groovy:2940)
	at com.kms.katalon.core.webui.keyword.WebUiBuiltInKeywords$takeScreenshot$8.call(Unknown Source)
	at Script1673454835794.run(Script1673454835794.groovy:68)
	... 13 more
)]]></system-out>
         <system-err><![CDATA[2023-01-12 00:18:50 - [TEST_CASE][FAILED] - Test Cases/COBA/Age Qualifying Types - Delete: Test Cases/COBA/Age Qualifying Types - Delete FAILED.
Reason:
com.kms.katalon.core.exception.StepFailedException: Cannot take screenshot
	at com.kms.katalon.core.webui.keyword.internal.WebUIKeywordMain.stepFailed(WebUIKeywordMain.groovy:64)
	at com.kms.katalon.core.webui.keyword.internal.WebUIKeywordMain.runKeyword(WebUIKeywordMain.groovy:26)
	at com.kms.katalon.core.webui.keyword.builtin.TakeScreenshotKeyword.takeScreenshot(TakeScreenshotKeyword.groovy:126)
	at com.kms.katalon.core.webui.keyword.builtin.TakeScreenshotKeyword.execute(TakeScreenshotKeyword.groovy:84)
	at com.kms.katalon.core.keyword.internal.KeywordExecutor.executeKeywordForPlatform(KeywordExecutor.groovy:74)
	at com.kms.katalon.core.webui.keyword.WebUiBuiltInKeywords.takeScreenshot(WebUiBuiltInKeywords.groovy:2940)
	at com.kms.katalon.core.webui.keyword.WebUiBuiltInKeywords$takeScreenshot$8.call(Unknown Source)
	at Age Qualifying Types - Delete.run(Age Qualifying Types - Delete:68)
	at com.kms.katalon.core.main.ScriptEngine.run(ScriptEngine.java:194)
	at com.kms.katalon.core.main.ScriptEngine.runScriptAsRawText(ScriptEngine.java:119)
	at com.kms.katalon.core.main.TestCaseExecutor.runScript(TestCaseExecutor.java:445)
	at com.kms.katalon.core.main.TestCaseExecutor.doExecute(TestCaseExecutor.java:436)
	at com.kms.katalon.core.main.TestCaseExecutor.processExecutionPhase(TestCaseExecutor.java:415)
	at com.kms.katalon.core.main.TestCaseExecutor.accessMainPhase(TestCaseExecutor.java:407)
	at com.kms.katalon.core.main.TestCaseExecutor.execute(TestCaseExecutor.java:284)
	at com.kms.katalon.core.common.CommonExecutor.accessTestCaseMainPhase(CommonExecutor.java:65)
	at com.kms.katalon.core.main.TestSuiteExecutor.accessTestSuiteMainPhase(TestSuiteExecutor.java:144)
	at com.kms.katalon.core.main.TestSuiteExecutor.execute(TestSuiteExecutor.java:106)
	at com.kms.katalon.core.main.TestCaseMain.startTestSuite(TestCaseMain.java:185)
	at com.kms.katalon.core.main.TestCaseMain$startTestSuite$0.call(Unknown Source)
	at TempTestSuite1673457456369.run(TempTestSuite1673457456369.groovy:36)
Caused by: java.io.FileNotFoundException:  (Result too large)
	at org.apache.commons.io.FileUtils.doCopyFile(FileUtils.java:1123)
	at org.apache.commons.io.FileUtils.copyFile(FileUtils.java:1076)
	at com.kms.katalon.core.webui.util.FileUtil.takeDefaultScreenshot(FileUtil.java:333)
	at com.kms.katalon.core.webui.util.FileUtil.takesScreenshot(FileUtil.java:58)
	at com.kms.katalon.core.webui.keyword.builtin.TakeScreenshotKeyword$_takeScreenshot_closure1.doCall(TakeScreenshotKeyword.groovy:127)
	at com.kms.katalon.core.webui.keyword.builtin.TakeScreenshotKeyword$_takeScreenshot_closure1.call(TakeScreenshotKeyword.groovy)
	at com.kms.katalon.core.webui.keyword.internal.WebUIKeywordMain.runKeyword(WebUIKeywordMain.groovy:20)
	... 19 more]]></system-err>
      </testcase>
      <system-out><![CDATA[2023-01-12 00:17:48 - [TEST_SUITE][FAILED] - RUN: Test Cases/COBA/Age Qualifying Types - Create FAILED.
Reason:
com.kms.katalon.core.exception.StepFailedException: Verify element text of test object 'Object Repository/Age QT/Create/Page_Bayu Buana - Age Qualifying Types/td_Active' FAILED.
	at com.kms.katalon.core.webui.keyword.internal.WebUIKeywordMain.stepFailed(WebUIKeywordMain.groovy:64)
	at com.kms.katalon.core.webui.keyword.internal.WebUIKeywordMain.runKeyword(WebUIKeywordMain.groovy:26)
	at com.kms.katalon.core.webui.keyword.builtin.VerifyElementTextKeyword.verifyElementText(VerifyElementTextKeyword.groovy:72)
	at com.kms.katalon.core.webui.keyword.builtin.VerifyElementTextKeyword.execute(VerifyElementTextKeyword.groovy:40)
	at com.kms.katalon.core.keyword.internal.KeywordExecutor.executeKeywordForPlatform(KeywordExecutor.groovy:74)
	at com.kms.katalon.core.webui.keyword.WebUiBuiltInKeywords.verifyElementText(WebUiBuiltInKeywords.groovy:4749)
	at com.kms.katalon.core.webui.keyword.WebUiBuiltInKeywords$verifyElementText$6.call(Unknown Source)
	at Age Qualifying Types - Create.run(Age Qualifying Types - Create:52)
	at com.kms.katalon.core.main.ScriptEngine.run(ScriptEngine.java:194)
	at com.kms.katalon.core.main.ScriptEngine.runScriptAsRawText(ScriptEngine.java:119)
	at com.kms.katalon.core.main.TestCaseExecutor.runScript(TestCaseExecutor.java:445)
	at com.kms.katalon.core.main.TestCaseExecutor.doExecute(TestCaseExecutor.java:436)
	at com.kms.katalon.core.main.TestCaseExecutor.processExecutionPhase(TestCaseExecutor.java:415)
	at com.kms.katalon.core.main.TestCaseExecutor.accessMainPhase(TestCaseExecutor.java:407)
	at com.kms.katalon.core.main.TestCaseExecutor.execute(TestCaseExecutor.java:284)
	at com.kms.katalon.core.common.CommonExecutor.accessTestCaseMainPhase(CommonExecutor.java:65)
	at com.kms.katalon.core.main.TestSuiteExecutor.accessTestSuiteMainPhase(TestSuiteExecutor.java:144)
	at com.kms.katalon.core.main.TestSuiteExecutor.execute(TestSuiteExecutor.java:106)
	at com.kms.katalon.core.main.TestCaseMain.startTestSuite(TestCaseMain.java:185)
	at com.kms.katalon.core.main.TestCaseMain$startTestSuite$0.call(Unknown Source)
	at TempTestSuite1673457456369.run(TempTestSuite1673457456369.groovy:36)
Caused by: com.kms.katalon.core.exception.StepFailedException: Actual text '' and expected text 'Active' of test object 'Object Repository/Age QT/Create/Page_Bayu Buana - Age Qualifying Types/td_Active' are NOT matched.
	at com.kms.katalon.core.webui.keyword.internal.WebUIKeywordMain.stepFailed(WebUIKeywordMain.groovy:64)
	at com.kms.katalon.core.webui.keyword.builtin.VerifyElementTextKeyword$_verifyElementText_closure1.doCall(VerifyElementTextKeyword.groovy:57)
	at com.kms.katalon.core.webui.keyword.builtin.VerifyElementTextKeyword$_verifyElementText_closure1.call(VerifyElementTextKeyword.groovy)
	at com.kms.katalon.core.webui.keyword.internal.WebUIKeywordMain.runKeyword(WebUIKeywordMain.groovy:20)
	... 19 more]]></system-out>
      <system-err><![CDATA[2023-01-12 00:17:48 - [TEST_SUITE][FAILED] - RUN: Test Cases/COBA/Age Qualifying Types - Create FAILED.
Reason:
com.kms.katalon.core.exception.StepFailedException: Verify element text of test object 'Object Repository/Age QT/Create/Page_Bayu Buana - Age Qualifying Types/td_Active' FAILED.
	at com.kms.katalon.core.webui.keyword.internal.WebUIKeywordMain.stepFailed(WebUIKeywordMain.groovy:64)
	at com.kms.katalon.core.webui.keyword.internal.WebUIKeywordMain.runKeyword(WebUIKeywordMain.groovy:26)
	at com.kms.katalon.core.webui.keyword.builtin.VerifyElementTextKeyword.verifyElementText(VerifyElementTextKeyword.groovy:72)
	at com.kms.katalon.core.webui.keyword.builtin.VerifyElementTextKeyword.execute(VerifyElementTextKeyword.groovy:40)
	at com.kms.katalon.core.keyword.internal.KeywordExecutor.executeKeywordForPlatform(KeywordExecutor.groovy:74)
	at com.kms.katalon.core.webui.keyword.WebUiBuiltInKeywords.verifyElementText(WebUiBuiltInKeywords.groovy:4749)
	at com.kms.katalon.core.webui.keyword.WebUiBuiltInKeywords$verifyElementText$6.call(Unknown Source)
	at Age Qualifying Types - Create.run(Age Qualifying Types - Create:52)
	at com.kms.katalon.core.main.ScriptEngine.run(ScriptEngine.java:194)
	at com.kms.katalon.core.main.ScriptEngine.runScriptAsRawText(ScriptEngine.java:119)
	at com.kms.katalon.core.main.TestCaseExecutor.runScript(TestCaseExecutor.java:445)
	at com.kms.katalon.core.main.TestCaseExecutor.doExecute(TestCaseExecutor.java:436)
	at com.kms.katalon.core.main.TestCaseExecutor.processExecutionPhase(TestCaseExecutor.java:415)
	at com.kms.katalon.core.main.TestCaseExecutor.accessMainPhase(TestCaseExecutor.java:407)
	at com.kms.katalon.core.main.TestCaseExecutor.execute(TestCaseExecutor.java:284)
	at com.kms.katalon.core.common.CommonExecutor.accessTestCaseMainPhase(CommonExecutor.java:65)
	at com.kms.katalon.core.main.TestSuiteExecutor.accessTestSuiteMainPhase(TestSuiteExecutor.java:144)
	at com.kms.katalon.core.main.TestSuiteExecutor.execute(TestSuiteExecutor.java:106)
	at com.kms.katalon.core.main.TestCaseMain.startTestSuite(TestCaseMain.java:185)
	at com.kms.katalon.core.main.TestCaseMain$startTestSuite$0.call(Unknown Source)
	at TempTestSuite1673457456369.run(TempTestSuite1673457456369.groovy:36)
Caused by: com.kms.katalon.core.exception.StepFailedException: Actual text '' and expected text 'Active' of test object 'Object Repository/Age QT/Create/Page_Bayu Buana - Age Qualifying Types/td_Active' are NOT matched.
	at com.kms.katalon.core.webui.keyword.internal.WebUIKeywordMain.stepFailed(WebUIKeywordMain.groovy:64)
	at com.kms.katalon.core.webui.keyword.builtin.VerifyElementTextKeyword$_verifyElementText_closure1.doCall(VerifyElementTextKeyword.groovy:57)
	at com.kms.katalon.core.webui.keyword.builtin.VerifyElementTextKeyword$_verifyElementText_closure1.call(VerifyElementTextKeyword.groovy)
	at com.kms.katalon.core.webui.keyword.internal.WebUIKeywordMain.runKeyword(WebUIKeywordMain.groovy:20)
	... 19 more]]></system-err>
   </testsuite>
</testsuites>
